PCAD Importer Log
Project : 2129691-1.LibPkg

Section : C:\Users\evans\Downloads\2129691-1\2129691-1.lia
    Section : PCB Library - 2129691-1.PcbLib
        Section : Load Messages
            Warning - 1 : Skipping Token 2129691-1 On Line 275
            Warning - 1 : Skipping Token attachedSymbol On Line 607
        EndSection

        Section : Import Messages
            Warning - 0 : PCAD Pattern Graphics [*TE_2129691-1][Primary] associated with PCAD Component [2129691-1] has been renamed to PCB FootPrint [*TE_2129691-1_2129691-1(Primary)].
        EndSection
    EndSection

    Section : SCH Library - 2129691-1.SchLib
        Section : Parsing Messages
            Warning - 1 : Skipping Token padStyleDef On Line 9
            Warning - 1 : Skipping Token padStyleDef On Line 21
            Warning - 1 : Skipping Token padStyleDef On Line 33
            Warning - 1 : Skipping Token padStyleDef On Line 44
            Warning - 1 : Skipping Token padStyleDef On Line 56
            Warning - 1 : Skipping Token multiLayer On Line 131
            Warning - 1 : Skipping Token layerContents On Line 165
            Warning - 1 : Skipping Token layerContents On Line 174
            Warning - 1 : Skipping Token layerContents On Line 188
            Warning - 1 : Skipping Token layerContents On Line 197
            Warning - 1 : Skipping Token layerContents On Line 260
        EndSection

        Section : Generating SCH Library - 2129691-1.SchLib
            Warning - 0 : PCAD Pattern Graphics [*TE_2129691-1][Primary] associated with PCAD Component [2129691-1] has been renamed to PCB FootPrint [*TE_2129691-1_2129691-1(Primary)].
        EndSection
    EndSection
EndSection
