Replace Part C107 Capacitor in C:\Users\Public\Documents\Altium\Bat_USB_Switch.SchDoc with Capacitor from Celestial_Altium.DbLib
Replace Part C108 Capacitor in C:\Users\Public\Documents\Altium\Bat_USB_Switch.SchDoc with Capacitor from Celestial_Altium.DbLib
Replace Part C109 Capacitor in C:\Users\Public\Documents\Altium\Bat_USB_Switch.SchDoc with Capacitor from Celestial_Altium.DbLib
Replace Part C110 Capacitor in C:\Users\Public\Documents\Altium\Bat_USB_Switch.SchDoc with Capacitor from Celestial_Altium.DbLib
Replace Part C111 Capacitor in C:\Users\Public\Documents\Altium\Bat_USB_Switch.SchDoc with Capacitor from Celestial_Altium.DbLib
Replace Part C112 Capacitor in C:\Users\Public\Documents\Altium\Bat_USB_Switch.SchDoc with Capacitor from Celestial_Altium.DbLib
Replace Part D181 LED in C:\Users\Public\Documents\Altium\Bat_USB_Switch.SchDoc with LED from Celestial_Altium.DbLib
Replace Part D182 Diode in C:\Users\Public\Documents\Altium\Bat_USB_Switch.SchDoc with Diode from Celestial_Altium.DbLib
Replace Part D183 Diode in C:\Users\Public\Documents\Altium\Bat_USB_Switch.SchDoc with Diode from Celestial_Altium.DbLib
Replace Part D184 Diode in C:\Users\Public\Documents\Altium\Bat_USB_Switch.SchDoc with Diode from Celestial_Altium.DbLib
Replace Part D185 Diode in C:\Users\Public\Documents\Altium\Bat_USB_Switch.SchDoc with Diode from Celestial_Altium.DbLib
Replace Part L0 Inductor in C:\Users\Public\Documents\Altium\Bat_USB_Switch.SchDoc with Inductor from Celestial_Altium.DbLib
Replace Part R21 Resistor in C:\Users\Public\Documents\Altium\Bat_USB_Switch.SchDoc with Resistor from Celestial_Altium.DbLib
Replace Part R22 Resistor in C:\Users\Public\Documents\Altium\Bat_USB_Switch.SchDoc with Resistor from Celestial_Altium.DbLib
Replace Part R23 Resistor in C:\Users\Public\Documents\Altium\Bat_USB_Switch.SchDoc with Resistor from Celestial_Altium.DbLib
Replace Part R24 Resistor in C:\Users\Public\Documents\Altium\Bat_USB_Switch.SchDoc with Resistor from Celestial_Altium.DbLib
Replace Part R25 Resistor in C:\Users\Public\Documents\Altium\Bat_USB_Switch.SchDoc with Resistor from Celestial_Altium.DbLib
Replace Part R26 Resistor in C:\Users\Public\Documents\Altium\Bat_USB_Switch.SchDoc with Resistor from Celestial_Altium.DbLib
Replace Part R27 Resistor in C:\Users\Public\Documents\Altium\Bat_USB_Switch.SchDoc with Resistor from Celestial_Altium.DbLib
Replace Part R28 Resistor in C:\Users\Public\Documents\Altium\Bat_USB_Switch.SchDoc with Resistor from Celestial_Altium.DbLib
Replace Part R29 Resistor in C:\Users\Public\Documents\Altium\Bat_USB_Switch.SchDoc with Resistor from Celestial_Altium.DbLib
Replace Part R30 Resistor in C:\Users\Public\Documents\Altium\Bat_USB_Switch.SchDoc with Resistor from Celestial_Altium.DbLib
Replace Part R31 Resistor in C:\Users\Public\Documents\Altium\Bat_USB_Switch.SchDoc with Resistor from Celestial_Altium.DbLib
Replace Part U6 LM2621MM in C:\Users\Public\Documents\Altium\Bat_USB_Switch.SchDoc with LM2621MM from LM2621MM.IntLib
Replace Part U7 PMIC-MCP73811T-120I/OT(SOT23-5) in C:\Users\Public\Documents\Altium\Bat_USB_Switch.SchDoc with PMIC-MCP73811T-120I/OT(SOT23-5) from PMIC-MCP73811T-120I_OT_SOT23-5_.IntLib
Replace Part U8 BC857BW in C:\Users\Public\Documents\Altium\Bat_USB_Switch.SchDoc with BC857BW from BC857BW.SchLib
Replace Part U9 BC847BW in C:\Users\Public\Documents\Altium\Bat_USB_Switch.SchDoc with BC847BW from BC847BW.SchLib
Replace Part U10 SiP32431 in C:\Users\Public\Documents\Altium\Bat_USB_Switch.SchDoc with SiP32431 from SiP32431.IntLib
