Replace Part C104 Capacitor in C:\Users\Public\Documents\Altium\BLE.SchDoc with Capacitor from Celestial_Altium.DbLib
Replace Part C105 Capacitor in C:\Users\Public\Documents\Altium\BLE.SchDoc with Capacitor from Celestial_Altium.DbLib
Replace Part C106 Capacitor in C:\Users\Public\Documents\Altium\BLE.SchDoc with Capacitor from Celestial_Altium.DbLib
Replace Part D178 LED in C:\Users\Public\Documents\Altium\BLE.SchDoc with LED from Celestial_Altium.DbLib
Replace Part D179 LED in C:\Users\Public\Documents\Altium\BLE.SchDoc with LED from Celestial_Altium.DbLib
Replace Part D180 LED in C:\Users\Public\Documents\Altium\BLE.SchDoc with LED from Celestial_Altium.DbLib
Replace Part J1 USB 2.0 Type B Micro in C:\Users\Public\Documents\Altium\BLE.SchDoc with USB 2.0 Type B Micro from Celestial_Altium.DbLib
Replace Part M0 RN42MOD in C:\Users\Public\Documents\Altium\BLE.SchDoc with RN42MOD from RN42.schlib
Replace Part R8 Resistor in C:\Users\Public\Documents\Altium\BLE.SchDoc with Resistor from Celestial_Altium.DbLib
Replace Part R9 Resistor in C:\Users\Public\Documents\Altium\BLE.SchDoc with Resistor from Celestial_Altium.DbLib
Replace Part R10 Resistor in C:\Users\Public\Documents\Altium\BLE.SchDoc with Resistor from Celestial_Altium.DbLib
Replace Part R11 Resistor in C:\Users\Public\Documents\Altium\BLE.SchDoc with Resistor from Celestial_Altium.DbLib
Replace Part R12 Resistor in C:\Users\Public\Documents\Altium\BLE.SchDoc with Resistor from Celestial_Altium.DbLib
Replace Part R13 Resistor in C:\Users\Public\Documents\Altium\BLE.SchDoc with Resistor from Celestial_Altium.DbLib
Replace Part R14 Resistor in C:\Users\Public\Documents\Altium\BLE.SchDoc with Resistor from Celestial_Altium.DbLib
Replace Part R15 Resistor in C:\Users\Public\Documents\Altium\BLE.SchDoc with Resistor from Celestial_Altium.DbLib
Replace Part R16 Resistor in C:\Users\Public\Documents\Altium\BLE.SchDoc with Resistor from Celestial_Altium.DbLib
Replace Part R17 Resistor in C:\Users\Public\Documents\Altium\BLE.SchDoc with Resistor from Celestial_Altium.DbLib
Replace Part R18 Resistor in C:\Users\Public\Documents\Altium\BLE.SchDoc with Resistor from Celestial_Altium.DbLib
Replace Part R19 Resistor in C:\Users\Public\Documents\Altium\BLE.SchDoc with Resistor from Celestial_Altium.DbLib
Replace Part R20 Resistor in C:\Users\Public\Documents\Altium\BLE.SchDoc with Resistor from Celestial_Altium.DbLib
Replace Part S87 DIP SW 4P in C:\Users\Public\Documents\Altium\BLE.SchDoc with DIP SW 4P from Celestial_Altium.DbLib
Replace Part S89 SPST-NO 4 PIN in C:\Users\Public\Documents\Altium\BLE.SchDoc with SPST-NO 4 PIN from Celestial_Altium.DbLib
Replace Part S90 SPST-NO 4 PIN in C:\Users\Public\Documents\Altium\BLE.SchDoc with SPST-NO 4 PIN from Celestial_Altium.DbLib
Replace Part U5 FT232RQ-REEL in C:\Users\Public\Documents\Altium\BLE.SchDoc with FT232RQ-REEL from FT232RQ-REEL.IntLib
