Replace Part C0 Capacitor in C:\Users\Public\Documents\Altium\Processing.SchDoc with Capacitor from Celestial_Altium.DbLib
Replace Part C1 Capacitor in C:\Users\Public\Documents\Altium\Processing.SchDoc with Capacitor from Celestial_Altium.DbLib
Replace Part C2 Capacitor in C:\Users\Public\Documents\Altium\Processing.SchDoc with Capacitor from Celestial_Altium.DbLib
Replace Part C3 Capacitor in C:\Users\Public\Documents\Altium\Processing.SchDoc with Capacitor from Celestial_Altium.DbLib
Replace Part C4 Capacitor in C:\Users\Public\Documents\Altium\Processing.SchDoc with Capacitor from Celestial_Altium.DbLib
Replace Part C5 Capacitor in C:\Users\Public\Documents\Altium\Processing.SchDoc with Capacitor from Celestial_Altium.DbLib
Replace Part C6 Capacitor in C:\Users\Public\Documents\Altium\Processing.SchDoc with Capacitor from Celestial_Altium.DbLib
Replace Part C7 Capacitor in C:\Users\Public\Documents\Altium\Processing.SchDoc with Capacitor from Celestial_Altium.DbLib
Replace Part C8 Capacitor in C:\Users\Public\Documents\Altium\Processing.SchDoc with Capacitor from Celestial_Altium.DbLib
Replace Part C9 Capacitor in C:\Users\Public\Documents\Altium\Processing.SchDoc with Capacitor from Celestial_Altium.DbLib
Replace Part C10 Capacitor in C:\Users\Public\Documents\Altium\Processing.SchDoc with Capacitor from Celestial_Altium.DbLib
Replace Part C11 Capacitor in C:\Users\Public\Documents\Altium\Processing.SchDoc with Capacitor from Celestial_Altium.DbLib
Replace Part C12 Capacitor in C:\Users\Public\Documents\Altium\Processing.SchDoc with Capacitor from Celestial_Altium.DbLib
Replace Part C13 Capacitor in C:\Users\Public\Documents\Altium\Processing.SchDoc with Capacitor from Celestial_Altium.DbLib
Replace Part C14 Capacitor in C:\Users\Public\Documents\Altium\Processing.SchDoc with Capacitor from Celestial_Altium.DbLib
Replace Part C15 Capacitor in C:\Users\Public\Documents\Altium\Processing.SchDoc with Capacitor from Celestial_Altium.DbLib
Replace Part C16 Capacitor in C:\Users\Public\Documents\Altium\Processing.SchDoc with Capacitor from Celestial_Altium.DbLib
Replace Part D88 PMEG4010CPA in C:\Users\Public\Documents\Altium\Processing.SchDoc with PMEG4010CPA from PMEG4010CPA.IntLib
Replace Part D89 PMEG4010CPA in C:\Users\Public\Documents\Altium\Processing.SchDoc with PMEG4010CPA from PMEG4010CPA.IntLib
Replace Part D177 LED in C:\Users\Public\Documents\Altium\Processing.SchDoc with LED from Celestial_Altium.DbLib
Replace Part F0 ERB-RD0R50X in C:\Users\Public\Documents\Altium\Processing.SchDoc with ERB-RD0R50X from ERB-RD0R50X.SchLib
Replace Part FB0 Ferrite Chip in C:\Users\Public\Documents\Altium\Processing.SchDoc with Ferrite Chip from Celestial_Altium.DbLib
Replace Part FB1 Ferrite Chip in C:\Users\Public\Documents\Altium\Processing.SchDoc with Ferrite Chip from Celestial_Altium.DbLib
Replace Part FB2 Ferrite Chip in C:\Users\Public\Documents\Altium\Processing.SchDoc with Ferrite Chip from Celestial_Altium.DbLib
Replace Part J0 105450-0101 in C:\Users\Public\Documents\Altium\Processing.SchDoc with 105450-0101 from 105450-0101.IntLib
Replace Part R0 Resistor in C:\Users\Public\Documents\Altium\Processing.SchDoc with Resistor from Celestial_Altium.DbLib
Replace Part R1 Resistor in C:\Users\Public\Documents\Altium\Processing.SchDoc with Resistor from Celestial_Altium.DbLib
Replace Part R2 Resistor in C:\Users\Public\Documents\Altium\Processing.SchDoc with Resistor from Celestial_Altium.DbLib
Replace Part R3 Resistor in C:\Users\Public\Documents\Altium\Processing.SchDoc with Resistor from Celestial_Altium.DbLib
Replace Part R4 Resistor in C:\Users\Public\Documents\Altium\Processing.SchDoc with Resistor from Celestial_Altium.DbLib
Replace Part R5 Resistor in C:\Users\Public\Documents\Altium\Processing.SchDoc with Resistor from Celestial_Altium.DbLib
Replace Part R6 Resistor in C:\Users\Public\Documents\Altium\Processing.SchDoc with Resistor from Celestial_Altium.DbLib
Replace Part R7 Resistor in C:\Users\Public\Documents\Altium\Processing.SchDoc with Resistor from Celestial_Altium.DbLib
Replace Part S88 SPST-NO 4 PIN in C:\Users\Public\Documents\Altium\Processing.SchDoc with SPST-NO 4 PIN from Celestial_Altium.DbLib
Replace Part U0 MK66FX1M0VMD18 in C:\Users\Public\Documents\Altium\Processing.SchDoc with MK66FX1M0VMD18 from MK66FX1M0VMD18.IntLib
Replace Part U1 MKL02Z32VFG4 in C:\Users\Public\Documents\Altium\Processing.SchDoc with MKL02Z32VFG4 from MKL02Z32VFG4.IntLib
Replace Part Y0 NDK Crystal NX3225SA in C:\Users\Public\Documents\Altium\Processing.SchDoc with NDK Crystal NX3225SA from Celestial_Altium.DbLib
Replace Part Y1 Abracon Crystal ABS07 in C:\Users\Public\Documents\Altium\Processing.SchDoc with Abracon Crystal ABS07 from Celestial_Altium.DbLib
