Removed Pin From Net: NetName=GND Pin=J0-1
Removed Pin From Net: NetName=GND Pin=J0-2
Removed Pin From Net: NetName=GND Pin=J0-3
Removed Pin From Net: NetName=GND Pin=J0-4
Removed Pin From Net: NetName=VUSB Pin=J0-B4
Removed Pin From Net: NetName=VUSB Pin=J0-B9
Removed Member From Class: ClassName=J0_Nets Member=NetJ0_B5
Removed Member From Class: ClassName=R4_Nets Member=NetJ0_B5
Change Component Footprint: Designator=U11 Old Footprint=DRY6 New Footprint=DRY6
Change Component Footprint: Designator=J0 Old Footprint=MOLEX_105450-0101_105450-0101(Primary) New Footprint=*TE_2129691-1_2129691-1(Primary)
Change Component Comment : Designator=J0 Old Comment=105450-0101 New Comment=2129691-1
Change component parameters: Designator = "J0"; Footprint = "*TE_2129691-1_2129691-1(Primary)"; UniqueID = "\OVFKDWES"
Change component parameters. Clean all parameters for all variants
Change component parameters (AddParameter): Name = "Availability"; Value = "Unavailable"; VariantName = "[No Variations]"
Change component parameters (AddParameter): Name = "Centerline_Pitch"; Value = ".5 mm[.019 in]"; VariantName = "[No Variations]"
Change component parameters (AddParameter): Name = "MF"; Value = "TE Connectivity"; VariantName = "[No Variations]"
Change component parameters (AddParameter): Name = "MP"; Value = "2129691-1"; VariantName = "[No Variations]"
Change component parameters (AddParameter): Name = "Number_of_Positions"; Value = "24"; VariantName = "[No Variations]"
Change component parameters (AddParameter): Name = "Package"; Value = "None"; VariantName = "[No Variations]"
Change component parameters (AddParameter): Name = "Price"; Value = "None"; VariantName = "[No Variations]"
Change component parameters (AddParameter): Name = "Product_Type"; Value = "Connector"; VariantName = "[No Variations]"
Change component parameters (AddParameter): Name = "SnapEDA_Link"; Value = "https://www.snapeda.com/parts/2129691-1/TE%20Connectivity%20AMP%20Connectors/view-part/?ref=snap"; VariantName = "[No Variations]"
Change component parameters (AddParameter): Name = "TE_purchase_URL"; Value = "https://www.te.com/usa-en/product-2129691-1.html?te_bu=Cor&te_type=disp&te_campaign=seda_glo_cor-seda-global-disp-prtnr-fy19-seda-model-bom-cta_sma-317_1&elqCampaignId=32493"; VariantName = "[No Variations]"
Change component parameters (AddParameter): Name = "Value"; Value = ""; VariantName = "[No Variations]"
Added Pin To Net: NetName=VUSB Pin=J0-B5
Added Pin To Net: NetName=GND Pin=J0-S1
Added Pin To Net: NetName=GND Pin=J0-S2
Added Pin To Net: NetName=GND Pin=J0-S3
Added Pin To Net: NetName=GND Pin=J0-S4
Added Pin To Net: NetName=GND Pin=J0-S5
Added Pin To Net: NetName=GND Pin=J0-S6
Added Pin To Net: NetName=VUSB Pin=R4-2
Added Pin To Net: NetName=NetJ0_B4 Pin=J0-B4
Added Pin To Net: NetName=NetJ0_B4 Pin=J0-B9
Added Net: Name=NetJ0_B4
Added Member To Class: ClassName=J0_Nets Member=Wire NetJ0_B4
Added Member To Class: ClassName=R4_Nets Member=Wire VUSB
