Change Component Comment : Designator=Designator1 Old Comment=Comment New Comment=0.1uF
Change Component Comment : Designator=Designator1 Old Comment=Comment New Comment=0.10uF
Change Component Comment : Designator=Designator1 Old Comment=Comment New Comment=0.10uF
Change Component Comment : Designator=Designator1 Old Comment=Comment New Comment=0.10uF
Change Component Comment : Designator=Designator1 Old Comment=Comment New Comment=0.10uF
Change Component Comment : Designator=Designator1 Old Comment=Comment New Comment=0.10uF
Change Component Comment : Designator=Designator1 Old Comment=Comment New Comment=0.10uF
Change Component Comment : Designator=Designator1 Old Comment=Comment New Comment=0.10uF
Change Component Comment : Designator=Designator1 Old Comment=Comment New Comment=0.10uF
Change Component Comment : Designator=Designator1 Old Comment=Comment New Comment=0.10uF
Change Component Comment : Designator=Designator1 Old Comment=Comment New Comment=0.10uF
Change Component Comment : Designator=Designator1 Old Comment=Comment New Comment=0.10uF
Change Component Comment : Designator=Designator1 Old Comment=Comment New Comment=0.10uF
Change Component Comment : Designator=Designator1 Old Comment=Comment New Comment=0.10uF
Change Component Comment : Designator=Designator1 Old Comment=Comment New Comment=0.10uF
Change Component Comment : Designator=Designator1 Old Comment=Comment New Comment=0.10uF
Change Component Comment : Designator=Designator1 Old Comment=Comment New Comment=0.10uF
Change Component Comment : Designator=Designator1 Old Comment=Comment New Comment=0.10uF
Change Component Comment : Designator=Designator1 Old Comment=Comment New Comment=0.10uF
Change Component Comment : Designator=Designator1 Old Comment=Comment New Comment=0.10uF
Change Component Comment : Designator=Designator1 Old Comment=Comment New Comment=0.10uF
Change Component Comment : Designator=Designator1 Old Comment=Comment New Comment=0.10uF
Change Component Comment : Designator=Designator1 Old Comment=Comment New Comment=0.10uF
Change Component Comment : Designator=Designator1 Old Comment=Comment New Comment=0.10uF
Change Component Comment : Designator=Designator1 Old Comment=Comment New Comment=0.10uF
Change Component Comment : Designator=Designator1 Old Comment=Comment New Comment=0.10uF
Change Component Comment : Designator=Designator1 Old Comment=Comment New Comment=0.10uF
Change Component Comment : Designator=Designator1 Old Comment=Comment New Comment=0.10uF
Change Component Comment : Designator=Designator1 Old Comment=Comment New Comment=0.10uF
Change Component Comment : Designator=Designator1 Old Comment=Comment New Comment=0.10uF
Change Component Comment : Designator=Designator1 Old Comment=Comment New Comment=0.10uF
Change Component Comment : Designator=Designator1 Old Comment=Comment New Comment=0.10uF
Change Component Comment : Designator=Designator1 Old Comment=Comment New Comment=0.10uF
Change Component Comment : Designator=Designator1 Old Comment=Comment New Comment=0.10uF
Change Component Comment : Designator=Designator1 Old Comment=Comment New Comment=0.10uF
Change Component Comment : Designator=Designator1 Old Comment=Comment New Comment=0.10uF
Change Component Comment : Designator=Designator1 Old Comment=Comment New Comment=0.10uF
Change Component Comment : Designator=Designator1 Old Comment=Comment New Comment=0.10uF
Change Component Comment : Designator=Designator1 Old Comment=Comment New Comment=0.10uF
Change Component Comment : Designator=Designator1 Old Comment=Comment New Comment=0.10uF
Change Component Comment : Designator=Designator1 Old Comment=Comment New Comment=0.10uF
Change Component Comment : Designator=Designator1 Old Comment=Comment New Comment=0.10uF
Change Component Comment : Designator=Designator1 Old Comment=Comment New Comment=0.10uF
Change Component Comment : Designator=Designator1 Old Comment=Comment New Comment=0.10uF
Change Component Comment : Designator=Designator1 Old Comment=Comment New Comment=0.10uF
Change Component Comment : Designator=Designator1 Old Comment=Comment New Comment=0.10uF
Change Component Comment : Designator=Designator1 Old Comment=Comment New Comment=0.10uF
Change Component Comment : Designator=Designator1 Old Comment=Comment New Comment=0.10uF
Change Component Comment : Designator=Designator1 Old Comment=Comment New Comment=0.10uF
Change Component Comment : Designator=Designator1 Old Comment=Comment New Comment=0.10uF
Change Component Comment : Designator=Designator1 Old Comment=Comment New Comment=0.10uF
Change Component Comment : Designator=Designator1 Old Comment=Comment New Comment=0.10uF
Change Component Comment : Designator=Designator1 Old Comment=Comment New Comment=0.10uF
Change Component Comment : Designator=Designator1 Old Comment=Comment New Comment=0.10uF
Change Component Comment : Designator=Designator1 Old Comment=Comment New Comment=0.10uF
Change Component Comment : Designator=Designator1 Old Comment=Comment New Comment=0.10uF
Change Component Comment : Designator=Designator1 Old Comment=Comment New Comment=0.10uF
Change Component Comment : Designator=Designator1 Old Comment=Comment New Comment=0.10uF
Change Component Comment : Designator=Designator1 Old Comment=Comment New Comment=0.10uF
Change Component Comment : Designator=Designator1 Old Comment=Comment New Comment=0.10uF
Change Component Comment : Designator=Designator1 Old Comment=Comment New Comment=0.10uF
Change Component Comment : Designator=Designator1 Old Comment=Comment New Comment=0.10uF
Change Component Comment : Designator=Designator1 Old Comment=Comment New Comment=0.10uF
Change Component Comment : Designator=Designator1 Old Comment=Comment New Comment=0.10uF
Change Component Comment : Designator=Designator1 Old Comment=Comment New Comment=0.10uF
Change Component Comment : Designator=Designator1 Old Comment=Comment New Comment=0.10uF
Change Component Comment : Designator=Designator1 Old Comment=Comment New Comment=0.10uF
Change Component Comment : Designator=Designator1 Old Comment=Comment New Comment=0.10uF
Change Component Comment : Designator=Designator1 Old Comment=Comment New Comment=0.10uF
Change Component Comment : Designator=Designator1 Old Comment=Comment New Comment=0.10uF
Change Component Comment : Designator=Designator1 Old Comment=Comment New Comment=0.10uF
Change Component Comment : Designator=Designator1 Old Comment=Comment New Comment=0.10uF
Change Component Comment : Designator=Designator1 Old Comment=Comment New Comment=0.10uF
Change Component Comment : Designator=Designator1 Old Comment=Comment New Comment=0.10uF
Change Component Comment : Designator=Designator1 Old Comment=Comment New Comment=0.10uF
Change Component Comment : Designator=Designator1 Old Comment=Comment New Comment=0.10uF
Change Component Comment : Designator=Designator1 Old Comment=Comment New Comment=0.10uF
Change Component Comment : Designator=Designator1 Old Comment=Comment New Comment=0.10uF
Change Component Comment : Designator=Designator1 Old Comment=Comment New Comment=0.10uF
Change Component Comment : Designator=Designator1 Old Comment=Comment New Comment=0.10uF
Change Component Comment : Designator=Designator1 Old Comment=Comment New Comment=0.10uF
Change Component Comment : Designator=Designator1 Old Comment=Comment New Comment=0.10uF
Change Component Comment : Designator=Designator1 Old Comment=Comment New Comment=0.10uF
Change Component Comment : Designator=Designator1 Old Comment=Comment New Comment=0.10uF
Change Component Comment : Designator=Designator1 Old Comment=Comment New Comment=0.10uF
Change Component Comment : Designator=Designator1 Old Comment=Comment New Comment=0.10uF
Change Component Comment : Designator=Designator1 Old Comment=Comment New Comment=0.10uF
Change Component Comment : Designator=Designator1 Old Comment=Comment New Comment=0.10uF
Change Component Comment : Designator=Designator1 Old Comment=Comment New Comment=0.10uF
Change Component Comment : Designator=Designator1 Old Comment=Comment New Comment=0.10uF
Change Component Comment : Designator=Designator1 Old Comment=Comment New Comment=0.10uF
Change Component Comment : Designator=Designator1 Old Comment=Comment New Comment=0.10uF
Change Component Comment : Designator=Designator1 Old Comment=Comment New Comment=1k
Change Component Comment : Designator=Designator1 Old Comment=Comment New Comment=1k
Change Component Comment : Designator=Designator1 Old Comment=Comment New Comment=1M
Change Component Comment : Designator=Designator1 Old Comment=Comment New Comment=1M
Change Component Comment : Designator=Designator1 Old Comment=Comment New Comment=1M
Change Component Comment : Designator=Designator1 Old Comment=Comment New Comment=1N4148W-HE3-08
Change Component Comment : Designator=Designator1 Old Comment=Comment New Comment=1N4148W-HE3-08
Change Component Comment : Designator=Designator1 Old Comment=Comment New Comment=1N4148W-HE3-08
Change Component Comment : Designator=Designator1 Old Comment=Comment New Comment=1N4148W-HE3-08
Change Component Comment : Designator=Designator1 Old Comment=Comment New Comment=1N4148W-HE3-08
Change Component Comment : Designator=Designator1 Old Comment=Comment New Comment=1N4148W-HE3-08
Change Component Comment : Designator=Designator1 Old Comment=Comment New Comment=1N4148W-HE3-08
Change Component Comment : Designator=Designator1 Old Comment=Comment New Comment=1N4148W-HE3-08
Change Component Comment : Designator=Designator1 Old Comment=Comment New Comment=1N4148W-HE3-08
Change Component Comment : Designator=Designator1 Old Comment=Comment New Comment=1N4148W-HE3-08
Change Component Comment : Designator=Designator1 Old Comment=Comment New Comment=1N4148W-HE3-08
Change Component Comment : Designator=Designator1 Old Comment=Comment New Comment=1N4148W-HE3-08
Change Component Comment : Designator=Designator1 Old Comment=Comment New Comment=1N4148W-HE3-08
Change Component Comment : Designator=Designator1 Old Comment=Comment New Comment=1N4148W-HE3-08
Change Component Comment : Designator=Designator1 Old Comment=Comment New Comment=1N4148W-HE3-08
Change Component Comment : Designator=Designator1 Old Comment=Comment New Comment=1N4148W-HE3-08
Change Component Comment : Designator=Designator1 Old Comment=Comment New Comment=1N4148W-HE3-08
Change Component Comment : Designator=Designator1 Old Comment=Comment New Comment=1N4148W-HE3-08
Change Component Comment : Designator=Designator1 Old Comment=Comment New Comment=1N4148W-HE3-08
Change Component Comment : Designator=Designator1 Old Comment=Comment New Comment=1N4148W-HE3-08
Change Component Comment : Designator=Designator1 Old Comment=Comment New Comment=1N4148W-HE3-08
Change Component Comment : Designator=Designator1 Old Comment=Comment New Comment=1N4148W-HE3-08
Change Component Comment : Designator=Designator1 Old Comment=Comment New Comment=1N4148W-HE3-08
Change Component Comment : Designator=Designator1 Old Comment=Comment New Comment=1N4148W-HE3-08
Change Component Comment : Designator=Designator1 Old Comment=Comment New Comment=1N4148W-HE3-08
Change Component Comment : Designator=Designator1 Old Comment=Comment New Comment=1N4148W-HE3-08
Change Component Comment : Designator=Designator1 Old Comment=Comment New Comment=1N4148W-HE3-08
Change Component Comment : Designator=Designator1 Old Comment=Comment New Comment=1N4148W-HE3-08
Change Component Comment : Designator=Designator1 Old Comment=Comment New Comment=1N4148W-HE3-08
Change Component Comment : Designator=Designator1 Old Comment=Comment New Comment=1N4148W-HE3-08
Change Component Comment : Designator=Designator1 Old Comment=Comment New Comment=1N4148W-HE3-08
Change Component Comment : Designator=Designator1 Old Comment=Comment New Comment=1N4148W-HE3-08
Change Component Comment : Designator=Designator1 Old Comment=Comment New Comment=1N4148W-HE3-08
Change Component Comment : Designator=Designator1 Old Comment=Comment New Comment=1N4148W-HE3-08
Change Component Comment : Designator=Designator1 Old Comment=Comment New Comment=1N4148W-HE3-08
Change Component Comment : Designator=Designator1 Old Comment=Comment New Comment=1N4148W-HE3-08
Change Component Comment : Designator=Designator1 Old Comment=Comment New Comment=1N4148W-HE3-08
Change Component Comment : Designator=Designator1 Old Comment=Comment New Comment=1N4148W-HE3-08
Change Component Comment : Designator=Designator1 Old Comment=Comment New Comment=1N4148W-HE3-08
Change Component Comment : Designator=Designator1 Old Comment=Comment New Comment=1N4148W-HE3-08
Change Component Comment : Designator=Designator1 Old Comment=Comment New Comment=1N4148W-HE3-08
Change Component Comment : Designator=Designator1 Old Comment=Comment New Comment=1N4148W-HE3-08
Change Component Comment : Designator=Designator1 Old Comment=Comment New Comment=1N4148W-HE3-08
Change Component Comment : Designator=Designator1 Old Comment=Comment New Comment=1N4148W-HE3-08
Change Component Comment : Designator=Designator1 Old Comment=Comment New Comment=1N4148W-HE3-08
Change Component Comment : Designator=Designator1 Old Comment=Comment New Comment=1N4148W-HE3-08
Change Component Comment : Designator=Designator1 Old Comment=Comment New Comment=1N4148W-HE3-08
Change Component Comment : Designator=Designator1 Old Comment=Comment New Comment=1N4148W-HE3-08
Change Component Comment : Designator=Designator1 Old Comment=Comment New Comment=1N4148W-HE3-08
Change Component Comment : Designator=Designator1 Old Comment=Comment New Comment=1N4148W-HE3-08
Change Component Comment : Designator=Designator1 Old Comment=Comment New Comment=1N4148W-HE3-08
Change Component Comment : Designator=Designator1 Old Comment=Comment New Comment=1N4148W-HE3-08
Change Component Comment : Designator=Designator1 Old Comment=Comment New Comment=1N4148W-HE3-08
Change Component Comment : Designator=Designator1 Old Comment=Comment New Comment=1N4148W-HE3-08
Change Component Comment : Designator=Designator1 Old Comment=Comment New Comment=1N4148W-HE3-08
Change Component Comment : Designator=Designator1 Old Comment=Comment New Comment=1N4148W-HE3-08
Change Component Comment : Designator=Designator1 Old Comment=Comment New Comment=1N4148W-HE3-08
Change Component Comment : Designator=Designator1 Old Comment=Comment New Comment=1N4148W-HE3-08
Change Component Comment : Designator=Designator1 Old Comment=Comment New Comment=1N4148W-HE3-08
Change Component Comment : Designator=Designator1 Old Comment=Comment New Comment=1N4148W-HE3-08
Change Component Comment : Designator=Designator1 Old Comment=Comment New Comment=1N4148W-HE3-08
Change Component Comment : Designator=Designator1 Old Comment=Comment New Comment=1N4148W-HE3-08
Change Component Comment : Designator=Designator1 Old Comment=Comment New Comment=1N4148W-HE3-08
Change Component Comment : Designator=Designator1 Old Comment=Comment New Comment=1N4148W-HE3-08
Change Component Comment : Designator=Designator1 Old Comment=Comment New Comment=1N4148W-HE3-08
Change Component Comment : Designator=Designator1 Old Comment=Comment New Comment=1N4148W-HE3-08
Change Component Comment : Designator=Designator1 Old Comment=Comment New Comment=1N4148W-HE3-08
Change Component Comment : Designator=Designator1 Old Comment=Comment New Comment=1N4148W-HE3-08
Change Component Comment : Designator=Designator1 Old Comment=Comment New Comment=1N4148W-HE3-08
Change Component Comment : Designator=Designator1 Old Comment=Comment New Comment=1N4148W-HE3-08
Change Component Comment : Designator=Designator1 Old Comment=Comment New Comment=1N4148W-HE3-08
Change Component Comment : Designator=Designator1 Old Comment=Comment New Comment=1N4148W-HE3-08
Change Component Comment : Designator=Designator1 Old Comment=Comment New Comment=1N4148W-HE3-08
Change Component Comment : Designator=Designator1 Old Comment=Comment New Comment=1N4148W-HE3-08
Change Component Comment : Designator=Designator1 Old Comment=Comment New Comment=1N4148W-HE3-08
Change Component Comment : Designator=Designator1 Old Comment=Comment New Comment=1N4148W-HE3-08
Change Component Comment : Designator=Designator1 Old Comment=Comment New Comment=1N4148W-HE3-08
Change Component Comment : Designator=Designator1 Old Comment=Comment New Comment=1N4148W-HE3-08
Change Component Comment : Designator=Designator1 Old Comment=Comment New Comment=1N4148W-HE3-08
Change Component Comment : Designator=Designator1 Old Comment=Comment New Comment=1N4148W-HE3-08
Change Component Comment : Designator=Designator1 Old Comment=Comment New Comment=1N4148W-HE3-08
Change Component Comment : Designator=Designator1 Old Comment=Comment New Comment=1N4148W-HE3-08
Change Component Comment : Designator=Designator1 Old Comment=Comment New Comment=1N4148W-HE3-08
Change Component Comment : Designator=Designator1 Old Comment=Comment New Comment=1N4148W-HE3-08
Change Component Comment : Designator=Designator1 Old Comment=Comment New Comment=1uF
Change Component Comment : Designator=Designator1 Old Comment=Comment New Comment=1uF
Change Component Comment : Designator=Designator1 Old Comment=Comment New Comment=2.2uF
Change Component Comment : Designator=Designator1 Old Comment=Comment New Comment=2.55k
Change Component Comment : Designator=Designator1 Old Comment=Comment New Comment=3.3k
Change Component Comment : Designator=Designator1 Old Comment=Comment New Comment=3.3k
Change Component Comment : Designator=Designator1 Old Comment=Comment New Comment=3.3k
Change Component Comment : Designator=Designator1 Old Comment=Comment New Comment=3.3k
Change Component Comment : Designator=Designator1 Old Comment=Comment New Comment=4.7uF
Change Component Comment : Designator=Designator1 Old Comment=Comment New Comment=4.7uF
Change Component Comment : Designator=Designator1 Old Comment=Comment New Comment=4.7uF
Change Component Comment : Designator=Designator1 Old Comment=Comment New Comment=5.1k
Change Component Comment : Designator=Designator1 Old Comment=Comment New Comment=5.1k
Change Component Comment : Designator=Designator1 Old Comment=Comment New Comment=6.8uH
Change Component Comment : Designator=Designator1 Old Comment=Comment New Comment=10k
Change Component Comment : Designator=Designator1 Old Comment=Comment New Comment=10k
Change Component Comment : Designator=Designator1 Old Comment=Comment New Comment=16MHz
Change Component Comment : Designator=Designator1 Old Comment=Comment New Comment=22
Change Component Comment : Designator=Designator1 Old Comment=Comment New Comment=22
Change Component Comment : Designator=Designator1 Old Comment=Comment New Comment=22pF
Change Component Comment : Designator=Designator1 Old Comment=Comment New Comment=22pF
Change Component Comment : Designator=Designator1 Old Comment=Comment New Comment=22uF
Change Component Comment : Designator=Designator1 Old Comment=Comment New Comment=39pF
Change Component Comment : Designator=Designator1 Old Comment=Comment New Comment=49.9k
Change Component Comment : Designator=Designator1 Old Comment=Comment New Comment=68uF
Change Component Comment : Designator=Designator1 Old Comment=Comment New Comment=100k
Change Component Comment : Designator=Designator1 Old Comment=Comment New Comment=150k
Change Component Comment : Designator=Designator1 Old Comment=Comment New Comment=200k
Change Component Comment : Designator=Designator1 Old Comment=Comment New Comment=218-4LPSTJ
Change Component Comment : Designator=Designator1 Old Comment=Comment New Comment=470k
Change Component Comment : Designator=Designator1 Old Comment=Comment New Comment=470k
Change Component Comment : Designator=Designator1 Old Comment=Comment New Comment=470k
Change Component Comment : Designator=Designator1 Old Comment=Comment New Comment=470k
Change Component Comment : Designator=Designator1 Old Comment=Comment New Comment=499
Change Component Comment : Designator=Designator1 Old Comment=Comment New Comment=1655
Change Component Comment : Designator=Designator1 Old Comment=Comment New Comment=1655
Change Component Comment : Designator=Designator1 Old Comment=Comment New Comment=1655
Change Component Comment : Designator=Designator1 Old Comment=Comment New Comment=1655
Change Component Comment : Designator=Designator1 Old Comment=Comment New Comment=1655
Change Component Comment : Designator=Designator1 Old Comment=Comment New Comment=1655
Change Component Comment : Designator=Designator1 Old Comment=Comment New Comment=1655
Change Component Comment : Designator=Designator1 Old Comment=Comment New Comment=1655
Change Component Comment : Designator=Designator1 Old Comment=Comment New Comment=1655
Change Component Comment : Designator=Designator1 Old Comment=Comment New Comment=1655
Change Component Comment : Designator=Designator1 Old Comment=Comment New Comment=1655
Change Component Comment : Designator=Designator1 Old Comment=Comment New Comment=1655
Change Component Comment : Designator=Designator1 Old Comment=Comment New Comment=1655
Change Component Comment : Designator=Designator1 Old Comment=Comment New Comment=1655
Change Component Comment : Designator=Designator1 Old Comment=Comment New Comment=1655
Change Component Comment : Designator=Designator1 Old Comment=Comment New Comment=1655
Change Component Comment : Designator=Designator1 Old Comment=Comment New Comment=1655
Change Component Comment : Designator=Designator1 Old Comment=Comment New Comment=1655
Change Component Comment : Designator=Designator1 Old Comment=Comment New Comment=1655
Change Component Comment : Designator=Designator1 Old Comment=Comment New Comment=1655
Change Component Comment : Designator=Designator1 Old Comment=Comment New Comment=1655
Change Component Comment : Designator=Designator1 Old Comment=Comment New Comment=1655
Change Component Comment : Designator=Designator1 Old Comment=Comment New Comment=1655
Change Component Comment : Designator=Designator1 Old Comment=Comment New Comment=1655
Change Component Comment : Designator=Designator1 Old Comment=Comment New Comment=1655
Change Component Comment : Designator=Designator1 Old Comment=Comment New Comment=1655
Change Component Comment : Designator=Designator1 Old Comment=Comment New Comment=1655
Change Component Comment : Designator=Designator1 Old Comment=Comment New Comment=1655
Change Component Comment : Designator=Designator1 Old Comment=Comment New Comment=1655
Change Component Comment : Designator=Designator1 Old Comment=Comment New Comment=1655
Change Component Comment : Designator=Designator1 Old Comment=Comment New Comment=1655
Change Component Comment : Designator=Designator1 Old Comment=Comment New Comment=1655
Change Component Comment : Designator=Designator1 Old Comment=Comment New Comment=1655
Change Component Comment : Designator=Designator1 Old Comment=Comment New Comment=1655
Change Component Comment : Designator=Designator1 Old Comment=Comment New Comment=1655
Change Component Comment : Designator=Designator1 Old Comment=Comment New Comment=1655
Change Component Comment : Designator=Designator1 Old Comment=Comment New Comment=1655
Change Component Comment : Designator=Designator1 Old Comment=Comment New Comment=1655
Change Component Comment : Designator=Designator1 Old Comment=Comment New Comment=1655
Change Component Comment : Designator=Designator1 Old Comment=Comment New Comment=1655
Change Component Comment : Designator=Designator1 Old Comment=Comment New Comment=1655
Change Component Comment : Designator=Designator1 Old Comment=Comment New Comment=1655
Change Component Comment : Designator=Designator1 Old Comment=Comment New Comment=1655
Change Component Comment : Designator=Designator1 Old Comment=Comment New Comment=1655
Change Component Comment : Designator=Designator1 Old Comment=Comment New Comment=1655
Change Component Comment : Designator=Designator1 Old Comment=Comment New Comment=1655
Change Component Comment : Designator=Designator1 Old Comment=Comment New Comment=1655
Change Component Comment : Designator=Designator1 Old Comment=Comment New Comment=1655
Change Component Comment : Designator=Designator1 Old Comment=Comment New Comment=1655
Change Component Comment : Designator=Designator1 Old Comment=Comment New Comment=1655
Change Component Comment : Designator=Designator1 Old Comment=Comment New Comment=1655
Change Component Comment : Designator=Designator1 Old Comment=Comment New Comment=1655
Change Component Comment : Designator=Designator1 Old Comment=Comment New Comment=1655
Change Component Comment : Designator=Designator1 Old Comment=Comment New Comment=1655
Change Component Comment : Designator=Designator1 Old Comment=Comment New Comment=1655
Change Component Comment : Designator=Designator1 Old Comment=Comment New Comment=1655
Change Component Comment : Designator=Designator1 Old Comment=Comment New Comment=1655
Change Component Comment : Designator=Designator1 Old Comment=Comment New Comment=1655
Change Component Comment : Designator=Designator1 Old Comment=Comment New Comment=1655
Change Component Comment : Designator=Designator1 Old Comment=Comment New Comment=1655
Change Component Comment : Designator=Designator1 Old Comment=Comment New Comment=1655
Change Component Comment : Designator=Designator1 Old Comment=Comment New Comment=1655
Change Component Comment : Designator=Designator1 Old Comment=Comment New Comment=1655
Change Component Comment : Designator=Designator1 Old Comment=Comment New Comment=1655
Change Component Comment : Designator=Designator1 Old Comment=Comment New Comment=1655
Change Component Comment : Designator=Designator1 Old Comment=Comment New Comment=1655
Change Component Comment : Designator=Designator1 Old Comment=Comment New Comment=1655
Change Component Comment : Designator=Designator1 Old Comment=Comment New Comment=1655
Change Component Comment : Designator=Designator1 Old Comment=Comment New Comment=1655
Change Component Comment : Designator=Designator1 Old Comment=Comment New Comment=1655
Change Component Comment : Designator=Designator1 Old Comment=Comment New Comment=1655
Change Component Comment : Designator=Designator1 Old Comment=Comment New Comment=1655
Change Component Comment : Designator=Designator1 Old Comment=Comment New Comment=1655
Change Component Comment : Designator=Designator1 Old Comment=Comment New Comment=1655
Change Component Comment : Designator=Designator1 Old Comment=Comment New Comment=1655
Change Component Comment : Designator=Designator1 Old Comment=Comment New Comment=1655
Change Component Comment : Designator=Designator1 Old Comment=Comment New Comment=1655
Change Component Comment : Designator=Designator1 Old Comment=Comment New Comment=1655
Change Component Comment : Designator=Designator1 Old Comment=Comment New Comment=1655
Change Component Comment : Designator=Designator1 Old Comment=Comment New Comment=1655
Change Component Comment : Designator=Designator1 Old Comment=Comment New Comment=1655
Change Component Comment : Designator=Designator1 Old Comment=Comment New Comment=1655
Change Component Comment : Designator=Designator1 Old Comment=Comment New Comment=1655
Change Component Comment : Designator=Designator1 Old Comment=Comment New Comment=1655
Change Component Comment : Designator=Designator1 Old Comment=Comment New Comment=1655
Change Component Comment : Designator=Designator1 Old Comment=Comment New Comment=1655
Change Component Comment : Designator=Designator1 Old Comment=Comment New Comment=1655
Change Component Comment : Designator=Designator1 Old Comment=Comment New Comment=105450-0101
Change Component Comment : Designator=Designator1 Old Comment=Comment New Comment=BC847BW
Change Component Comment : Designator=Designator1 Old Comment=Comment New Comment=BC857BW
Change Component Comment : Designator=Designator1 Old Comment=Comment New Comment=Blue
Change Component Comment : Designator=Designator1 Old Comment=Comment New Comment=Cherry
Change Component Comment : Designator=Designator1 Old Comment=Comment New Comment=Cherry
Change Component Comment : Designator=Designator1 Old Comment=Comment New Comment=Cherry
Change Component Comment : Designator=Designator1 Old Comment=Comment New Comment=Cherry
Change Component Comment : Designator=Designator1 Old Comment=Comment New Comment=Cherry
Change Component Comment : Designator=Designator1 Old Comment=Comment New Comment=Cherry
Change Component Comment : Designator=Designator1 Old Comment=Comment New Comment=Cherry
Change Component Comment : Designator=Designator1 Old Comment=Comment New Comment=Cherry
Change Component Comment : Designator=Designator1 Old Comment=Comment New Comment=Cherry
Change Component Comment : Designator=Designator1 Old Comment=Comment New Comment=Cherry
Change Component Comment : Designator=Designator1 Old Comment=Comment New Comment=Cherry
Change Component Comment : Designator=Designator1 Old Comment=Comment New Comment=Cherry
Change Component Comment : Designator=Designator1 Old Comment=Comment New Comment=Cherry
Change Component Comment : Designator=Designator1 Old Comment=Comment New Comment=Cherry
Change Component Comment : Designator=Designator1 Old Comment=Comment New Comment=Cherry
Change Component Comment : Designator=Designator1 Old Comment=Comment New Comment=Cherry
Change Component Comment : Designator=Designator1 Old Comment=Comment New Comment=Cherry
Change Component Comment : Designator=Designator1 Old Comment=Comment New Comment=Cherry
Change Component Comment : Designator=Designator1 Old Comment=Comment New Comment=Cherry
Change Component Comment : Designator=Designator1 Old Comment=Comment New Comment=Cherry
Change Component Comment : Designator=Designator1 Old Comment=Comment New Comment=Cherry
Change Component Comment : Designator=Designator1 Old Comment=Comment New Comment=Cherry
Change Component Comment : Designator=Designator1 Old Comment=Comment New Comment=Cherry
Change Component Comment : Designator=Designator1 Old Comment=Comment New Comment=Cherry
Change Component Comment : Designator=Designator1 Old Comment=Comment New Comment=Cherry
Change Component Comment : Designator=Designator1 Old Comment=Comment New Comment=Cherry
Change Component Comment : Designator=Designator1 Old Comment=Comment New Comment=Cherry
Change Component Comment : Designator=Designator1 Old Comment=Comment New Comment=Cherry
Change Component Comment : Designator=Designator1 Old Comment=Comment New Comment=Cherry
Change Component Comment : Designator=Designator1 Old Comment=Comment New Comment=Cherry
Change Component Comment : Designator=Designator1 Old Comment=Comment New Comment=Cherry
Change Component Comment : Designator=Designator1 Old Comment=Comment New Comment=Cherry
Change Component Comment : Designator=Designator1 Old Comment=Comment New Comment=Cherry
Change Component Comment : Designator=Designator1 Old Comment=Comment New Comment=Cherry
Change Component Comment : Designator=Designator1 Old Comment=Comment New Comment=Cherry
Change Component Comment : Designator=Designator1 Old Comment=Comment New Comment=Cherry
Change Component Comment : Designator=Designator1 Old Comment=Comment New Comment=Cherry
Change Component Comment : Designator=Designator1 Old Comment=Comment New Comment=Cherry
Change Component Comment : Designator=Designator1 Old Comment=Comment New Comment=Cherry
Change Component Comment : Designator=Designator1 Old Comment=Comment New Comment=Cherry
Change Component Comment : Designator=Designator1 Old Comment=Comment New Comment=Cherry
Change Component Comment : Designator=Designator1 Old Comment=Comment New Comment=Cherry
Change Component Comment : Designator=Designator1 Old Comment=Comment New Comment=Cherry
Change Component Comment : Designator=Designator1 Old Comment=Comment New Comment=Cherry
Change Component Comment : Designator=Designator1 Old Comment=Comment New Comment=Cherry
Change Component Comment : Designator=Designator1 Old Comment=Comment New Comment=Cherry
Change Component Comment : Designator=Designator1 Old Comment=Comment New Comment=Cherry
Change Component Comment : Designator=Designator1 Old Comment=Comment New Comment=Cherry
Change Component Comment : Designator=Designator1 Old Comment=Comment New Comment=Cherry
Change Component Comment : Designator=Designator1 Old Comment=Comment New Comment=Cherry
Change Component Comment : Designator=Designator1 Old Comment=Comment New Comment=Cherry
Change Component Comment : Designator=Designator1 Old Comment=Comment New Comment=Cherry
Change Component Comment : Designator=Designator1 Old Comment=Comment New Comment=Cherry
Change Component Comment : Designator=Designator1 Old Comment=Comment New Comment=Cherry
Change Component Comment : Designator=Designator1 Old Comment=Comment New Comment=Cherry
Change Component Comment : Designator=Designator1 Old Comment=Comment New Comment=Cherry
Change Component Comment : Designator=Designator1 Old Comment=Comment New Comment=Cherry
Change Component Comment : Designator=Designator1 Old Comment=Comment New Comment=Cherry
Change Component Comment : Designator=Designator1 Old Comment=Comment New Comment=Cherry
Change Component Comment : Designator=Designator1 Old Comment=Comment New Comment=Cherry
Change Component Comment : Designator=Designator1 Old Comment=Comment New Comment=Cherry
Change Component Comment : Designator=Designator1 Old Comment=Comment New Comment=Cherry
Change Component Comment : Designator=Designator1 Old Comment=Comment New Comment=Cherry
Change Component Comment : Designator=Designator1 Old Comment=Comment New Comment=Cherry
Change Component Comment : Designator=Designator1 Old Comment=Comment New Comment=Cherry
Change Component Comment : Designator=Designator1 Old Comment=Comment New Comment=Cherry
Change Component Comment : Designator=Designator1 Old Comment=Comment New Comment=Cherry
Change Component Comment : Designator=Designator1 Old Comment=Comment New Comment=Cherry
Change Component Comment : Designator=Designator1 Old Comment=Comment New Comment=Cherry
Change Component Comment : Designator=Designator1 Old Comment=Comment New Comment=Cherry
Change Component Comment : Designator=Designator1 Old Comment=Comment New Comment=Cherry
Change Component Comment : Designator=Designator1 Old Comment=Comment New Comment=Cherry
Change Component Comment : Designator=Designator1 Old Comment=Comment New Comment=Cherry
Change Component Comment : Designator=Designator1 Old Comment=Comment New Comment=Cherry
Change Component Comment : Designator=Designator1 Old Comment=Comment New Comment=Cherry
Change Component Comment : Designator=Designator1 Old Comment=Comment New Comment=Cherry
Change Component Comment : Designator=Designator1 Old Comment=Comment New Comment=Cherry
Change Component Comment : Designator=Designator1 Old Comment=Comment New Comment=Cherry
Change Component Comment : Designator=Designator1 Old Comment=Comment New Comment=Cherry
Change Component Comment : Designator=Designator1 Old Comment=Comment New Comment=Cherry
Change Component Comment : Designator=Designator1 Old Comment=Comment New Comment=Cherry
Change Component Comment : Designator=Designator1 Old Comment=Comment New Comment=Cherry
Change Component Comment : Designator=Designator1 Old Comment=Comment New Comment=Cherry
Change Component Comment : Designator=Designator1 Old Comment=Comment New Comment=DB2X20600L
Change Component Comment : Designator=Designator1 Old Comment=Comment New Comment=DB2X20600L
Change Component Comment : Designator=Designator1 Old Comment=Comment New Comment=DB2X20600L
Change Component Comment : Designator=Designator1 Old Comment=Comment New Comment=FSM4JSMATR
Change Component Comment : Designator=Designator1 Old Comment=Comment New Comment=FSMSMTR
Change Component Comment : Designator=Designator1 Old Comment=Comment New Comment=Green
Change Component Comment : Designator=Designator1 Old Comment=Comment New Comment=Green
Change Component Comment : Designator=Designator1 Old Comment=Comment New Comment=LM2621MM
Change Component Comment : Designator=Designator1 Old Comment=Comment New Comment=LQM2HPN1R0MJ0L
Change Component Comment : Designator=Designator1 Old Comment=Comment New Comment=MBRA210LT3G
Change Component Comment : Designator=Designator1 Old Comment=Comment New Comment=MCU-ATMEGA32U4-MUR(VQFN44)
Change Component Comment : Designator=Designator1 Old Comment=Comment New Comment=PMIC-MCP73811T-120I/OT(SOT23-5)
Change Component Comment : Designator=Designator1 Old Comment=Comment New Comment=Red
Change Component Comment : Designator=Designator1 Old Comment=Comment New Comment=RN42 Module
Change Component Comment : Designator=Designator1 Old Comment=Comment New Comment=S2B-PH-K-S(LF)(SN)
Change Component Comment : Designator=Designator1 Old Comment=Comment New Comment=SiP32431
Change Component Comment : Designator=Designator1 Old Comment=Comment New Comment=SN74LV1T34DBVR
Change Component Comment : Designator=Designator1 Old Comment=Comment New Comment=SS312SAH4-R
Change Component Comment : Designator=Designator1 Old Comment=Comment New Comment=TPS62237DRYT
Change Component Designator: OldDesignator=Designator1 NewDesignator=C0
Change Component Designator: OldDesignator=Designator1 NewDesignator=C1
Change Component Designator: OldDesignator=Designator1 NewDesignator=C2
Change Component Designator: OldDesignator=Designator1 NewDesignator=C3
Change Component Designator: OldDesignator=Designator1 NewDesignator=C4
Change Component Designator: OldDesignator=Designator1 NewDesignator=C5
Change Component Designator: OldDesignator=Designator1 NewDesignator=C6
Change Component Designator: OldDesignator=Designator1 NewDesignator=C7
Change Component Designator: OldDesignator=Designator1 NewDesignator=C17
Change Component Designator: OldDesignator=Designator1 NewDesignator=C18
Change Component Designator: OldDesignator=Designator1 NewDesignator=C19
Change Component Designator: OldDesignator=Designator1 NewDesignator=C20
Change Component Designator: OldDesignator=Designator1 NewDesignator=C21
Change Component Designator: OldDesignator=Designator1 NewDesignator=C22
Change Component Designator: OldDesignator=Designator1 NewDesignator=C23
Change Component Designator: OldDesignator=Designator1 NewDesignator=C24
Change Component Designator: OldDesignator=Designator1 NewDesignator=C25
Change Component Designator: OldDesignator=Designator1 NewDesignator=C26
Change Component Designator: OldDesignator=Designator1 NewDesignator=C27
Change Component Designator: OldDesignator=Designator1 NewDesignator=C28
Change Component Designator: OldDesignator=Designator1 NewDesignator=C29
Change Component Designator: OldDesignator=Designator1 NewDesignator=C30
Change Component Designator: OldDesignator=Designator1 NewDesignator=C31
Change Component Designator: OldDesignator=Designator1 NewDesignator=C32
Change Component Designator: OldDesignator=Designator1 NewDesignator=C33
Change Component Designator: OldDesignator=Designator1 NewDesignator=C34
Change Component Designator: OldDesignator=Designator1 NewDesignator=C35
Change Component Designator: OldDesignator=Designator1 NewDesignator=C36
Change Component Designator: OldDesignator=Designator1 NewDesignator=C37
Change Component Designator: OldDesignator=Designator1 NewDesignator=C38
Change Component Designator: OldDesignator=Designator1 NewDesignator=C39
Change Component Designator: OldDesignator=Designator1 NewDesignator=C40
Change Component Designator: OldDesignator=Designator1 NewDesignator=C41
Change Component Designator: OldDesignator=Designator1 NewDesignator=C42
Change Component Designator: OldDesignator=Designator1 NewDesignator=C43
Change Component Designator: OldDesignator=Designator1 NewDesignator=C44
Change Component Designator: OldDesignator=Designator1 NewDesignator=C45
Change Component Designator: OldDesignator=Designator1 NewDesignator=C46
Change Component Designator: OldDesignator=Designator1 NewDesignator=C47
Change Component Designator: OldDesignator=Designator1 NewDesignator=C48
Change Component Designator: OldDesignator=Designator1 NewDesignator=C49
Change Component Designator: OldDesignator=Designator1 NewDesignator=C50
Change Component Designator: OldDesignator=Designator1 NewDesignator=C51
Change Component Designator: OldDesignator=Designator1 NewDesignator=C52
Change Component Designator: OldDesignator=Designator1 NewDesignator=C53
Change Component Designator: OldDesignator=Designator1 NewDesignator=C54
Change Component Designator: OldDesignator=Designator1 NewDesignator=C55
Change Component Designator: OldDesignator=Designator1 NewDesignator=C56
Change Component Designator: OldDesignator=Designator1 NewDesignator=C57
Change Component Designator: OldDesignator=Designator1 NewDesignator=C58
Change Component Designator: OldDesignator=Designator1 NewDesignator=C59
Change Component Designator: OldDesignator=Designator1 NewDesignator=C60
Change Component Designator: OldDesignator=Designator1 NewDesignator=C61
Change Component Designator: OldDesignator=Designator1 NewDesignator=C62
Change Component Designator: OldDesignator=Designator1 NewDesignator=C63
Change Component Designator: OldDesignator=Designator1 NewDesignator=C64
Change Component Designator: OldDesignator=Designator1 NewDesignator=C65
Change Component Designator: OldDesignator=Designator1 NewDesignator=C66
Change Component Designator: OldDesignator=Designator1 NewDesignator=C67
Change Component Designator: OldDesignator=Designator1 NewDesignator=C68
Change Component Designator: OldDesignator=Designator1 NewDesignator=C69
Change Component Designator: OldDesignator=Designator1 NewDesignator=C70
Change Component Designator: OldDesignator=Designator1 NewDesignator=C71
Change Component Designator: OldDesignator=Designator1 NewDesignator=C72
Change Component Designator: OldDesignator=Designator1 NewDesignator=C73
Change Component Designator: OldDesignator=Designator1 NewDesignator=C74
Change Component Designator: OldDesignator=Designator1 NewDesignator=C75
Change Component Designator: OldDesignator=Designator1 NewDesignator=C76
Change Component Designator: OldDesignator=Designator1 NewDesignator=C77
Change Component Designator: OldDesignator=Designator1 NewDesignator=C78
Change Component Designator: OldDesignator=Designator1 NewDesignator=C79
Change Component Designator: OldDesignator=Designator1 NewDesignator=C80
Change Component Designator: OldDesignator=Designator1 NewDesignator=C81
Change Component Designator: OldDesignator=Designator1 NewDesignator=C82
Change Component Designator: OldDesignator=Designator1 NewDesignator=C83
Change Component Designator: OldDesignator=Designator1 NewDesignator=C84
Change Component Designator: OldDesignator=Designator1 NewDesignator=C85
Change Component Designator: OldDesignator=Designator1 NewDesignator=C86
Change Component Designator: OldDesignator=Designator1 NewDesignator=C87
Change Component Designator: OldDesignator=Designator1 NewDesignator=C88
Change Component Designator: OldDesignator=Designator1 NewDesignator=C89
Change Component Designator: OldDesignator=Designator1 NewDesignator=C90
Change Component Designator: OldDesignator=Designator1 NewDesignator=C91
Change Component Designator: OldDesignator=Designator1 NewDesignator=C92
Change Component Designator: OldDesignator=Designator1 NewDesignator=C93
Change Component Designator: OldDesignator=Designator1 NewDesignator=C94
Change Component Designator: OldDesignator=Designator1 NewDesignator=C95
Change Component Designator: OldDesignator=Designator1 NewDesignator=C96
Change Component Designator: OldDesignator=Designator1 NewDesignator=C97
Change Component Designator: OldDesignator=Designator1 NewDesignator=C98
Change Component Designator: OldDesignator=Designator1 NewDesignator=C99
Change Component Designator: OldDesignator=Designator1 NewDesignator=C100
Change Component Designator: OldDesignator=Designator1 NewDesignator=C101
Change Component Designator: OldDesignator=Designator1 NewDesignator=C102
Change Component Designator: OldDesignator=Designator1 NewDesignator=C103
Change Component Designator: OldDesignator=Designator1 NewDesignator=C107
Change Component Designator: OldDesignator=Designator1 NewDesignator=C108
Change Component Designator: OldDesignator=Designator1 NewDesignator=C109
Change Component Designator: OldDesignator=Designator1 NewDesignator=C110
Change Component Designator: OldDesignator=Designator1 NewDesignator=C111
Change Component Designator: OldDesignator=Designator1 NewDesignator=C112
Change Component Designator: OldDesignator=Designator1 NewDesignator=C113
Change Component Designator: OldDesignator=Designator1 NewDesignator=C114
Change Component Designator: OldDesignator=Designator1 NewDesignator=D0
Change Component Designator: OldDesignator=Designator1 NewDesignator=D1
Change Component Designator: OldDesignator=Designator1 NewDesignator=D2
Change Component Designator: OldDesignator=Designator1 NewDesignator=D3
Change Component Designator: OldDesignator=Designator1 NewDesignator=D4
Change Component Designator: OldDesignator=Designator1 NewDesignator=D5
Change Component Designator: OldDesignator=Designator1 NewDesignator=D6
Change Component Designator: OldDesignator=Designator1 NewDesignator=D7
Change Component Designator: OldDesignator=Designator1 NewDesignator=D8
Change Component Designator: OldDesignator=Designator1 NewDesignator=D9
Change Component Designator: OldDesignator=Designator1 NewDesignator=D10
Change Component Designator: OldDesignator=Designator1 NewDesignator=D11
Change Component Designator: OldDesignator=Designator1 NewDesignator=D12
Change Component Designator: OldDesignator=Designator1 NewDesignator=D13
Change Component Designator: OldDesignator=Designator1 NewDesignator=D14
Change Component Designator: OldDesignator=Designator1 NewDesignator=D15
Change Component Designator: OldDesignator=Designator1 NewDesignator=D16
Change Component Designator: OldDesignator=Designator1 NewDesignator=D17
Change Component Designator: OldDesignator=Designator1 NewDesignator=D18
Change Component Designator: OldDesignator=Designator1 NewDesignator=D19
Change Component Designator: OldDesignator=Designator1 NewDesignator=D20
Change Component Designator: OldDesignator=Designator1 NewDesignator=D21
Change Component Designator: OldDesignator=Designator1 NewDesignator=D22
Change Component Designator: OldDesignator=Designator1 NewDesignator=D23
Change Component Designator: OldDesignator=Designator1 NewDesignator=D24
Change Component Designator: OldDesignator=Designator1 NewDesignator=D25
Change Component Designator: OldDesignator=Designator1 NewDesignator=D26
Change Component Designator: OldDesignator=Designator1 NewDesignator=D27
Change Component Designator: OldDesignator=Designator1 NewDesignator=D28
Change Component Designator: OldDesignator=Designator1 NewDesignator=D29
Change Component Designator: OldDesignator=Designator1 NewDesignator=D30
Change Component Designator: OldDesignator=Designator1 NewDesignator=D31
Change Component Designator: OldDesignator=Designator1 NewDesignator=D32
Change Component Designator: OldDesignator=Designator1 NewDesignator=D33
Change Component Designator: OldDesignator=Designator1 NewDesignator=D34
Change Component Designator: OldDesignator=Designator1 NewDesignator=D35
Change Component Designator: OldDesignator=Designator1 NewDesignator=D36
Change Component Designator: OldDesignator=Designator1 NewDesignator=D37
Change Component Designator: OldDesignator=Designator1 NewDesignator=D38
Change Component Designator: OldDesignator=Designator1 NewDesignator=D39
Change Component Designator: OldDesignator=Designator1 NewDesignator=D40
Change Component Designator: OldDesignator=Designator1 NewDesignator=D41
Change Component Designator: OldDesignator=Designator1 NewDesignator=D42
Change Component Designator: OldDesignator=Designator1 NewDesignator=D43
Change Component Designator: OldDesignator=Designator1 NewDesignator=D44
Change Component Designator: OldDesignator=Designator1 NewDesignator=D45
Change Component Designator: OldDesignator=Designator1 NewDesignator=D46
Change Component Designator: OldDesignator=Designator1 NewDesignator=D47
Change Component Designator: OldDesignator=Designator1 NewDesignator=D48
Change Component Designator: OldDesignator=Designator1 NewDesignator=D49
Change Component Designator: OldDesignator=Designator1 NewDesignator=D50
Change Component Designator: OldDesignator=Designator1 NewDesignator=D51
Change Component Designator: OldDesignator=Designator1 NewDesignator=D52
Change Component Designator: OldDesignator=Designator1 NewDesignator=D53
Change Component Designator: OldDesignator=Designator1 NewDesignator=D54
Change Component Designator: OldDesignator=Designator1 NewDesignator=D55
Change Component Designator: OldDesignator=Designator1 NewDesignator=D56
Change Component Designator: OldDesignator=Designator1 NewDesignator=D57
Change Component Designator: OldDesignator=Designator1 NewDesignator=D58
Change Component Designator: OldDesignator=Designator1 NewDesignator=D59
Change Component Designator: OldDesignator=Designator1 NewDesignator=D60
Change Component Designator: OldDesignator=Designator1 NewDesignator=D61
Change Component Designator: OldDesignator=Designator1 NewDesignator=D62
Change Component Designator: OldDesignator=Designator1 NewDesignator=D63
Change Component Designator: OldDesignator=Designator1 NewDesignator=D64
Change Component Designator: OldDesignator=Designator1 NewDesignator=D65
Change Component Designator: OldDesignator=Designator1 NewDesignator=D66
Change Component Designator: OldDesignator=Designator1 NewDesignator=D67
Change Component Designator: OldDesignator=Designator1 NewDesignator=D68
Change Component Designator: OldDesignator=Designator1 NewDesignator=D69
Change Component Designator: OldDesignator=Designator1 NewDesignator=D70
Change Component Designator: OldDesignator=Designator1 NewDesignator=D71
Change Component Designator: OldDesignator=Designator1 NewDesignator=D72
Change Component Designator: OldDesignator=Designator1 NewDesignator=D73
Change Component Designator: OldDesignator=Designator1 NewDesignator=D74
Change Component Designator: OldDesignator=Designator1 NewDesignator=D75
Change Component Designator: OldDesignator=Designator1 NewDesignator=D76
Change Component Designator: OldDesignator=Designator1 NewDesignator=D77
Change Component Designator: OldDesignator=Designator1 NewDesignator=D78
Change Component Designator: OldDesignator=Designator1 NewDesignator=D79
Change Component Designator: OldDesignator=Designator1 NewDesignator=D80
Change Component Designator: OldDesignator=Designator1 NewDesignator=D81
Change Component Designator: OldDesignator=Designator1 NewDesignator=D82
Change Component Designator: OldDesignator=Designator1 NewDesignator=D83
Change Component Designator: OldDesignator=Designator1 NewDesignator=D90
Change Component Designator: OldDesignator=Designator1 NewDesignator=D91
Change Component Designator: OldDesignator=Designator1 NewDesignator=D92
Change Component Designator: OldDesignator=Designator1 NewDesignator=D93
Change Component Designator: OldDesignator=Designator1 NewDesignator=D94
Change Component Designator: OldDesignator=Designator1 NewDesignator=D95
Change Component Designator: OldDesignator=Designator1 NewDesignator=D96
Change Component Designator: OldDesignator=Designator1 NewDesignator=D97
Change Component Designator: OldDesignator=Designator1 NewDesignator=D98
Change Component Designator: OldDesignator=Designator1 NewDesignator=D99
Change Component Designator: OldDesignator=Designator1 NewDesignator=D100
Change Component Designator: OldDesignator=Designator1 NewDesignator=D101
Change Component Designator: OldDesignator=Designator1 NewDesignator=D102
Change Component Designator: OldDesignator=Designator1 NewDesignator=D103
Change Component Designator: OldDesignator=Designator1 NewDesignator=D104
Change Component Designator: OldDesignator=Designator1 NewDesignator=D105
Change Component Designator: OldDesignator=Designator1 NewDesignator=D106
Change Component Designator: OldDesignator=Designator1 NewDesignator=D107
Change Component Designator: OldDesignator=Designator1 NewDesignator=D108
Change Component Designator: OldDesignator=Designator1 NewDesignator=D109
Change Component Designator: OldDesignator=Designator1 NewDesignator=D110
Change Component Designator: OldDesignator=Designator1 NewDesignator=D111
Change Component Designator: OldDesignator=Designator1 NewDesignator=D112
Change Component Designator: OldDesignator=Designator1 NewDesignator=D113
Change Component Designator: OldDesignator=Designator1 NewDesignator=D114
Change Component Designator: OldDesignator=Designator1 NewDesignator=D115
Change Component Designator: OldDesignator=Designator1 NewDesignator=D116
Change Component Designator: OldDesignator=Designator1 NewDesignator=D117
Change Component Designator: OldDesignator=Designator1 NewDesignator=D118
Change Component Designator: OldDesignator=Designator1 NewDesignator=D119
Change Component Designator: OldDesignator=Designator1 NewDesignator=D120
Change Component Designator: OldDesignator=Designator1 NewDesignator=D121
Change Component Designator: OldDesignator=Designator1 NewDesignator=D122
Change Component Designator: OldDesignator=Designator1 NewDesignator=D123
Change Component Designator: OldDesignator=Designator1 NewDesignator=D124
Change Component Designator: OldDesignator=Designator1 NewDesignator=D125
Change Component Designator: OldDesignator=Designator1 NewDesignator=D126
Change Component Designator: OldDesignator=Designator1 NewDesignator=D127
Change Component Designator: OldDesignator=Designator1 NewDesignator=D128
Change Component Designator: OldDesignator=Designator1 NewDesignator=D129
Change Component Designator: OldDesignator=Designator1 NewDesignator=D130
Change Component Designator: OldDesignator=Designator1 NewDesignator=D131
Change Component Designator: OldDesignator=Designator1 NewDesignator=D132
Change Component Designator: OldDesignator=Designator1 NewDesignator=D133
Change Component Designator: OldDesignator=Designator1 NewDesignator=D134
Change Component Designator: OldDesignator=Designator1 NewDesignator=D135
Change Component Designator: OldDesignator=Designator1 NewDesignator=D136
Change Component Designator: OldDesignator=Designator1 NewDesignator=D137
Change Component Designator: OldDesignator=Designator1 NewDesignator=D138
Change Component Designator: OldDesignator=Designator1 NewDesignator=D139
Change Component Designator: OldDesignator=Designator1 NewDesignator=D140
Change Component Designator: OldDesignator=Designator1 NewDesignator=D141
Change Component Designator: OldDesignator=Designator1 NewDesignator=D142
Change Component Designator: OldDesignator=Designator1 NewDesignator=D143
Change Component Designator: OldDesignator=Designator1 NewDesignator=D144
Change Component Designator: OldDesignator=Designator1 NewDesignator=D145
Change Component Designator: OldDesignator=Designator1 NewDesignator=D146
Change Component Designator: OldDesignator=Designator1 NewDesignator=D147
Change Component Designator: OldDesignator=Designator1 NewDesignator=D148
Change Component Designator: OldDesignator=Designator1 NewDesignator=D149
Change Component Designator: OldDesignator=Designator1 NewDesignator=D150
Change Component Designator: OldDesignator=Designator1 NewDesignator=D151
Change Component Designator: OldDesignator=Designator1 NewDesignator=D152
Change Component Designator: OldDesignator=Designator1 NewDesignator=D153
Change Component Designator: OldDesignator=Designator1 NewDesignator=D154
Change Component Designator: OldDesignator=Designator1 NewDesignator=D155
Change Component Designator: OldDesignator=Designator1 NewDesignator=D156
Change Component Designator: OldDesignator=Designator1 NewDesignator=D157
Change Component Designator: OldDesignator=Designator1 NewDesignator=D158
Change Component Designator: OldDesignator=Designator1 NewDesignator=D159
Change Component Designator: OldDesignator=Designator1 NewDesignator=D160
Change Component Designator: OldDesignator=Designator1 NewDesignator=D161
Change Component Designator: OldDesignator=Designator1 NewDesignator=D162
Change Component Designator: OldDesignator=Designator1 NewDesignator=D163
Change Component Designator: OldDesignator=Designator1 NewDesignator=D164
Change Component Designator: OldDesignator=Designator1 NewDesignator=D165
Change Component Designator: OldDesignator=Designator1 NewDesignator=D166
Change Component Designator: OldDesignator=Designator1 NewDesignator=D167
Change Component Designator: OldDesignator=Designator1 NewDesignator=D168
Change Component Designator: OldDesignator=Designator1 NewDesignator=D169
Change Component Designator: OldDesignator=Designator1 NewDesignator=D170
Change Component Designator: OldDesignator=Designator1 NewDesignator=D171
Change Component Designator: OldDesignator=Designator1 NewDesignator=D172
Change Component Designator: OldDesignator=Designator1 NewDesignator=D173
Change Component Designator: OldDesignator=Designator1 NewDesignator=D174
Change Component Designator: OldDesignator=Designator1 NewDesignator=D175
Change Component Designator: OldDesignator=Designator1 NewDesignator=D176
Change Component Designator: OldDesignator=Designator1 NewDesignator=D178
Change Component Designator: OldDesignator=Designator1 NewDesignator=D179
Change Component Designator: OldDesignator=Designator1 NewDesignator=D180
Change Component Designator: OldDesignator=Designator1 NewDesignator=D181
Change Component Designator: OldDesignator=Designator1 NewDesignator=D182
Change Component Designator: OldDesignator=Designator1 NewDesignator=D183
Change Component Designator: OldDesignator=Designator1 NewDesignator=D184
Change Component Designator: OldDesignator=Designator1 NewDesignator=D185
Change Component Designator: OldDesignator=Designator1 NewDesignator=J0
Change Component Designator: OldDesignator=Designator1 NewDesignator=J1
Change Component Designator: OldDesignator=Designator1 NewDesignator=L0
Change Component Designator: OldDesignator=Designator1 NewDesignator=L1
Change Component Designator: OldDesignator=Designator1 NewDesignator=M0
Change Component Designator: OldDesignator=Designator1 NewDesignator=R0
Change Component Designator: OldDesignator=Designator1 NewDesignator=R2
Change Component Designator: OldDesignator=Designator1 NewDesignator=R3
Change Component Designator: OldDesignator=Designator1 NewDesignator=R4
Change Component Designator: OldDesignator=Designator1 NewDesignator=R5
Change Component Designator: OldDesignator=Designator1 NewDesignator=R12
Change Component Designator: OldDesignator=Designator1 NewDesignator=R13
Change Component Designator: OldDesignator=Designator1 NewDesignator=R14
Change Component Designator: OldDesignator=Designator1 NewDesignator=R15
Change Component Designator: OldDesignator=Designator1 NewDesignator=R16
Change Component Designator: OldDesignator=Designator1 NewDesignator=R17
Change Component Designator: OldDesignator=Designator1 NewDesignator=R18
Change Component Designator: OldDesignator=Designator1 NewDesignator=R19
Change Component Designator: OldDesignator=Designator1 NewDesignator=R21
Change Component Designator: OldDesignator=Designator1 NewDesignator=R22
Change Component Designator: OldDesignator=Designator1 NewDesignator=R23
Change Component Designator: OldDesignator=Designator1 NewDesignator=R24
Change Component Designator: OldDesignator=Designator1 NewDesignator=R25
Change Component Designator: OldDesignator=Designator1 NewDesignator=R26
Change Component Designator: OldDesignator=Designator1 NewDesignator=R31
Change Component Designator: OldDesignator=Designator1 NewDesignator=R32
Change Component Designator: OldDesignator=Designator1 NewDesignator=R33
Change Component Designator: OldDesignator=Designator1 NewDesignator=R34
Change Component Designator: OldDesignator=Designator1 NewDesignator=R35
Change Component Designator: OldDesignator=Designator1 NewDesignator=R36
Change Component Designator: OldDesignator=Designator1 NewDesignator=S0
Change Component Designator: OldDesignator=Designator1 NewDesignator=S1
Change Component Designator: OldDesignator=Designator1 NewDesignator=S2
Change Component Designator: OldDesignator=Designator1 NewDesignator=S3
Change Component Designator: OldDesignator=Designator1 NewDesignator=S4
Change Component Designator: OldDesignator=Designator1 NewDesignator=S5
Change Component Designator: OldDesignator=Designator1 NewDesignator=S6
Change Component Designator: OldDesignator=Designator1 NewDesignator=S7
Change Component Designator: OldDesignator=Designator1 NewDesignator=S8
Change Component Designator: OldDesignator=Designator1 NewDesignator=S9
Change Component Designator: OldDesignator=Designator1 NewDesignator=S10
Change Component Designator: OldDesignator=Designator1 NewDesignator=S11
Change Component Designator: OldDesignator=Designator1 NewDesignator=S12
Change Component Designator: OldDesignator=Designator1 NewDesignator=S13
Change Component Designator: OldDesignator=Designator1 NewDesignator=S14
Change Component Designator: OldDesignator=Designator1 NewDesignator=S15
Change Component Designator: OldDesignator=Designator1 NewDesignator=S16
Change Component Designator: OldDesignator=Designator1 NewDesignator=S17
Change Component Designator: OldDesignator=Designator1 NewDesignator=S18
Change Component Designator: OldDesignator=Designator1 NewDesignator=S19
Change Component Designator: OldDesignator=Designator1 NewDesignator=S20
Change Component Designator: OldDesignator=Designator1 NewDesignator=S21
Change Component Designator: OldDesignator=Designator1 NewDesignator=S22
Change Component Designator: OldDesignator=Designator1 NewDesignator=S23
Change Component Designator: OldDesignator=Designator1 NewDesignator=S24
Change Component Designator: OldDesignator=Designator1 NewDesignator=S25
Change Component Designator: OldDesignator=Designator1 NewDesignator=S26
Change Component Designator: OldDesignator=Designator1 NewDesignator=S27
Change Component Designator: OldDesignator=Designator1 NewDesignator=S28
Change Component Designator: OldDesignator=Designator1 NewDesignator=S30
Change Component Designator: OldDesignator=Designator1 NewDesignator=S31
Change Component Designator: OldDesignator=Designator1 NewDesignator=S32
Change Component Designator: OldDesignator=Designator1 NewDesignator=S33
Change Component Designator: OldDesignator=Designator1 NewDesignator=S34
Change Component Designator: OldDesignator=Designator1 NewDesignator=S35
Change Component Designator: OldDesignator=Designator1 NewDesignator=S36
Change Component Designator: OldDesignator=Designator1 NewDesignator=S37
Change Component Designator: OldDesignator=Designator1 NewDesignator=S38
Change Component Designator: OldDesignator=Designator1 NewDesignator=S39
Change Component Designator: OldDesignator=Designator1 NewDesignator=S40
Change Component Designator: OldDesignator=Designator1 NewDesignator=S41
Change Component Designator: OldDesignator=Designator1 NewDesignator=S42
Change Component Designator: OldDesignator=Designator1 NewDesignator=S43
Change Component Designator: OldDesignator=Designator1 NewDesignator=S44
Change Component Designator: OldDesignator=Designator1 NewDesignator=S45
Change Component Designator: OldDesignator=Designator1 NewDesignator=S46
Change Component Designator: OldDesignator=Designator1 NewDesignator=S47
Change Component Designator: OldDesignator=Designator1 NewDesignator=S48
Change Component Designator: OldDesignator=Designator1 NewDesignator=S49
Change Component Designator: OldDesignator=Designator1 NewDesignator=S50
Change Component Designator: OldDesignator=Designator1 NewDesignator=S51
Change Component Designator: OldDesignator=Designator1 NewDesignator=S52
Change Component Designator: OldDesignator=Designator1 NewDesignator=S53
Change Component Designator: OldDesignator=Designator1 NewDesignator=S54
Change Component Designator: OldDesignator=Designator1 NewDesignator=S55
Change Component Designator: OldDesignator=Designator1 NewDesignator=S56
Change Component Designator: OldDesignator=Designator1 NewDesignator=S57
Change Component Designator: OldDesignator=Designator1 NewDesignator=S58
Change Component Designator: OldDesignator=Designator1 NewDesignator=S59
Change Component Designator: OldDesignator=Designator1 NewDesignator=S60
Change Component Designator: OldDesignator=Designator1 NewDesignator=S61
Change Component Designator: OldDesignator=Designator1 NewDesignator=S62
Change Component Designator: OldDesignator=Designator1 NewDesignator=S63
Change Component Designator: OldDesignator=Designator1 NewDesignator=S64
Change Component Designator: OldDesignator=Designator1 NewDesignator=S65
Change Component Designator: OldDesignator=Designator1 NewDesignator=S66
Change Component Designator: OldDesignator=Designator1 NewDesignator=S67
Change Component Designator: OldDesignator=Designator1 NewDesignator=S68
Change Component Designator: OldDesignator=Designator1 NewDesignator=S69
Change Component Designator: OldDesignator=Designator1 NewDesignator=S70
Change Component Designator: OldDesignator=Designator1 NewDesignator=S71
Change Component Designator: OldDesignator=Designator1 NewDesignator=S72
Change Component Designator: OldDesignator=Designator1 NewDesignator=S73
Change Component Designator: OldDesignator=Designator1 NewDesignator=S74
Change Component Designator: OldDesignator=Designator1 NewDesignator=S75
Change Component Designator: OldDesignator=Designator1 NewDesignator=S76
Change Component Designator: OldDesignator=Designator1 NewDesignator=S77
Change Component Designator: OldDesignator=Designator1 NewDesignator=S78
Change Component Designator: OldDesignator=Designator1 NewDesignator=S79
Change Component Designator: OldDesignator=Designator1 NewDesignator=S80
Change Component Designator: OldDesignator=Designator1 NewDesignator=S81
Change Component Designator: OldDesignator=Designator1 NewDesignator=S82
Change Component Designator: OldDesignator=Designator1 NewDesignator=S83
Change Component Designator: OldDesignator=Designator1 NewDesignator=S84
Change Component Designator: OldDesignator=Designator1 NewDesignator=S87
Change Component Designator: OldDesignator=Designator1 NewDesignator=S88
Change Component Designator: OldDesignator=Designator1 NewDesignator=S89
Change Component Designator: OldDesignator=Designator1 NewDesignator=U0
Change Component Designator: OldDesignator=Designator1 NewDesignator=U7
Change Component Designator: OldDesignator=Designator1 NewDesignator=U8
Change Component Designator: OldDesignator=Designator1 NewDesignator=U9
Change Component Designator: OldDesignator=Designator1 NewDesignator=U10
Change Component Designator: OldDesignator=Designator1 NewDesignator=U11
Change Component Designator: OldDesignator=Designator1 NewDesignator=U12
Change Component Designator: OldDesignator=Designator1 NewDesignator=U13
Change Component Designator: OldDesignator=Designator1 NewDesignator=Y0
Added Component: Designator=S29(CHERRY-MX-LED-2U)
Add component. Clean all parameters for all variants
Added Pin To Net: NetName=Col6 Pin=S29-0
Added Pin To Net: NetName=NetD29_1 Pin=S29-1
Added Member To Class: ClassName=Processing_Rev2 Member=Component C0 1uF
Added Member To Class: ClassName=Processing_Rev2 Member=Component C1 1uF
Added Member To Class: ClassName=Processing_Rev2 Member=Component C2 0.10uF
Added Member To Class: ClassName=Processing_Rev2 Member=Component C3 0.10uF
Added Member To Class: ClassName=Processing_Rev2 Member=Component C4 0.10uF
Added Member To Class: ClassName=Processing_Rev2 Member=Component C5 0.10uF
Added Member To Class: ClassName=Processing_Rev2 Member=Component C6 22pF
Added Member To Class: ClassName=Processing_Rev2 Member=Component C7 22pF
Added Member To Class: ClassName=RGB_Matrix Member=Component C17 0.10uF
Added Member To Class: ClassName=RGB_Matrix Member=Component C18 0.10uF
Added Member To Class: ClassName=RGB_Matrix Member=Component C19 0.10uF
Added Member To Class: ClassName=RGB_Matrix Member=Component C20 0.10uF
Added Member To Class: ClassName=RGB_Matrix Member=Component C21 0.10uF
Added Member To Class: ClassName=RGB_Matrix Member=Component C22 0.10uF
Added Member To Class: ClassName=RGB_Matrix Member=Component C23 0.10uF
Added Member To Class: ClassName=RGB_Matrix Member=Component C24 0.10uF
Added Member To Class: ClassName=RGB_Matrix Member=Component C25 0.10uF
Added Member To Class: ClassName=RGB_Matrix Member=Component C26 0.10uF
Added Member To Class: ClassName=RGB_Matrix Member=Component C27 0.10uF
Added Member To Class: ClassName=RGB_Matrix Member=Component C28 0.10uF
Added Member To Class: ClassName=RGB_Matrix Member=Component C29 0.10uF
Added Member To Class: ClassName=RGB_Matrix Member=Component C30 0.10uF
Added Member To Class: ClassName=RGB_Matrix Member=Component C31 0.10uF
Added Member To Class: ClassName=RGB_Matrix Member=Component C32 0.10uF
Added Member To Class: ClassName=RGB_Matrix Member=Component C33 0.10uF
Added Member To Class: ClassName=RGB_Matrix Member=Component C34 0.10uF
Added Member To Class: ClassName=RGB_Matrix Member=Component C35 0.10uF
Added Member To Class: ClassName=RGB_Matrix Member=Component C36 0.10uF
Added Member To Class: ClassName=RGB_Matrix Member=Component C37 0.10uF
Added Member To Class: ClassName=RGB_Matrix Member=Component C38 0.10uF
Added Member To Class: ClassName=RGB_Matrix Member=Component C39 0.10uF
Added Member To Class: ClassName=RGB_Matrix Member=Component C40 0.10uF
Added Member To Class: ClassName=RGB_Matrix Member=Component C41 0.10uF
Added Member To Class: ClassName=RGB_Matrix Member=Component C42 0.10uF
Added Member To Class: ClassName=RGB_Matrix Member=Component C43 0.10uF
Added Member To Class: ClassName=RGB_Matrix Member=Component C44 0.10uF
Added Member To Class: ClassName=RGB_Matrix Member=Component C45 0.10uF
Added Member To Class: ClassName=RGB_Matrix Member=Component C46 0.10uF
Added Member To Class: ClassName=RGB_Matrix Member=Component C47 0.10uF
Added Member To Class: ClassName=RGB_Matrix Member=Component C48 0.10uF
Added Member To Class: ClassName=RGB_Matrix Member=Component C49 0.10uF
Added Member To Class: ClassName=RGB_Matrix Member=Component C50 0.10uF
Added Member To Class: ClassName=RGB_Matrix Member=Component C51 0.10uF
Added Member To Class: ClassName=RGB_Matrix Member=Component C52 0.10uF
Added Member To Class: ClassName=RGB_Matrix Member=Component C53 0.10uF
Added Member To Class: ClassName=RGB_Matrix Member=Component C54 0.10uF
Added Member To Class: ClassName=RGB_Matrix Member=Component C55 0.10uF
Added Member To Class: ClassName=RGB_Matrix Member=Component C56 0.10uF
Added Member To Class: ClassName=RGB_Matrix Member=Component C57 0.10uF
Added Member To Class: ClassName=RGB_Matrix Member=Component C58 0.10uF
Added Member To Class: ClassName=RGB_Matrix Member=Component C59 0.10uF
Added Member To Class: ClassName=RGB_Matrix Member=Component C60 0.10uF
Added Member To Class: ClassName=RGB_Matrix Member=Component C61 0.10uF
Added Member To Class: ClassName=RGB_Matrix Member=Component C62 0.10uF
Added Member To Class: ClassName=RGB_Matrix Member=Component C63 0.10uF
Added Member To Class: ClassName=RGB_Matrix Member=Component C64 0.10uF
Added Member To Class: ClassName=RGB_Matrix Member=Component C65 0.10uF
Added Member To Class: ClassName=RGB_Matrix Member=Component C66 0.10uF
Added Member To Class: ClassName=RGB_Matrix Member=Component C67 0.10uF
Added Member To Class: ClassName=RGB_Matrix Member=Component C68 0.10uF
Added Member To Class: ClassName=RGB_Matrix Member=Component C69 0.10uF
Added Member To Class: ClassName=RGB_Matrix Member=Component C70 0.10uF
Added Member To Class: ClassName=RGB_Matrix Member=Component C71 0.10uF
Added Member To Class: ClassName=RGB_Matrix Member=Component C72 0.10uF
Added Member To Class: ClassName=RGB_Matrix Member=Component C73 0.10uF
Added Member To Class: ClassName=RGB_Matrix Member=Component C74 0.10uF
Added Member To Class: ClassName=RGB_Matrix Member=Component C75 0.10uF
Added Member To Class: ClassName=RGB_Matrix Member=Component C76 0.10uF
Added Member To Class: ClassName=RGB_Matrix Member=Component C77 0.10uF
Added Member To Class: ClassName=RGB_Matrix Member=Component C78 0.10uF
Added Member To Class: ClassName=RGB_Matrix Member=Component C79 0.10uF
Added Member To Class: ClassName=RGB_Matrix Member=Component C80 0.10uF
Added Member To Class: ClassName=RGB_Matrix Member=Component C81 0.10uF
Added Member To Class: ClassName=RGB_Matrix Member=Component C82 0.10uF
Added Member To Class: ClassName=RGB_Matrix Member=Component C83 0.10uF
Added Member To Class: ClassName=RGB_Matrix Member=Component C84 0.10uF
Added Member To Class: ClassName=RGB_Matrix Member=Component C85 0.10uF
Added Member To Class: ClassName=RGB_Matrix Member=Component C86 0.10uF
Added Member To Class: ClassName=RGB_Matrix Member=Component C87 0.10uF
Added Member To Class: ClassName=RGB_Matrix Member=Component C88 0.10uF
Added Member To Class: ClassName=RGB_Matrix Member=Component C89 0.10uF
Added Member To Class: ClassName=RGB_Matrix Member=Component C90 0.10uF
Added Member To Class: ClassName=RGB_Matrix Member=Component C91 0.10uF
Added Member To Class: ClassName=RGB_Matrix Member=Component C92 0.10uF
Added Member To Class: ClassName=RGB_Matrix Member=Component C93 0.10uF
Added Member To Class: ClassName=RGB_Matrix Member=Component C94 0.10uF
Added Member To Class: ClassName=RGB_Matrix Member=Component C95 0.10uF
Added Member To Class: ClassName=RGB_Matrix Member=Component C96 0.10uF
Added Member To Class: ClassName=RGB_Matrix Member=Component C97 0.10uF
Added Member To Class: ClassName=RGB_Matrix Member=Component C98 0.10uF
Added Member To Class: ClassName=RGB_Matrix Member=Component C99 0.10uF
Added Member To Class: ClassName=RGB_Matrix Member=Component C100 0.10uF
Added Member To Class: ClassName=RGB_Matrix Member=Component C101 0.10uF
Added Member To Class: ClassName=RGB_Matrix Member=Component C102 0.10uF
Added Member To Class: ClassName=RGB_Matrix Member=Component C103 0.10uF
Added Member To Class: ClassName=Bat_USB_Switch Member=Component C107 4.7uF
Added Member To Class: ClassName=Bat_USB_Switch Member=Component C108 4.7uF
Added Member To Class: ClassName=Bat_USB_Switch Member=Component C109 2.2uF
Added Member To Class: ClassName=Bat_USB_Switch Member=Component C110 4.7uF
Added Member To Class: ClassName=Bat_USB_Switch Member=Component C111 22uF
Added Member To Class: ClassName=Bat_USB_Switch Member=Component C112 0.1uF
Added Member To Class: ClassName=Bat_USB_Switch Member=Component C113 68uF
Added Member To Class: ClassName=Bat_USB_Switch Member=Component C114 39pF
Added Member To Class: ClassName=Key_Matrix Member=Component D0 1N4148W-HE3-08
Added Member To Class: ClassName=Key_Matrix Member=Component D1 1N4148W-HE3-08
Added Member To Class: ClassName=Key_Matrix Member=Component D2 1N4148W-HE3-08
Added Member To Class: ClassName=Key_Matrix Member=Component D3 1N4148W-HE3-08
Added Member To Class: ClassName=Key_Matrix Member=Component D4 1N4148W-HE3-08
Added Member To Class: ClassName=Key_Matrix Member=Component D5 1N4148W-HE3-08
Added Member To Class: ClassName=Key_Matrix Member=Component D6 1N4148W-HE3-08
Added Member To Class: ClassName=Key_Matrix Member=Component D7 1N4148W-HE3-08
Added Member To Class: ClassName=Key_Matrix Member=Component D8 1N4148W-HE3-08
Added Member To Class: ClassName=Key_Matrix Member=Component D9 1N4148W-HE3-08
Added Member To Class: ClassName=Key_Matrix Member=Component D10 1N4148W-HE3-08
Added Member To Class: ClassName=Key_Matrix Member=Component D11 1N4148W-HE3-08
Added Member To Class: ClassName=Key_Matrix Member=Component D12 1N4148W-HE3-08
Added Member To Class: ClassName=Key_Matrix Member=Component D13 1N4148W-HE3-08
Added Member To Class: ClassName=Key_Matrix Member=Component D14 1N4148W-HE3-08
Added Member To Class: ClassName=Key_Matrix Member=Component D15 1N4148W-HE3-08
Added Member To Class: ClassName=Key_Matrix Member=Component D16 1N4148W-HE3-08
Added Member To Class: ClassName=Key_Matrix Member=Component D17 1N4148W-HE3-08
Added Member To Class: ClassName=Key_Matrix Member=Component D18 1N4148W-HE3-08
Added Member To Class: ClassName=Key_Matrix Member=Component D19 1N4148W-HE3-08
Added Member To Class: ClassName=Key_Matrix Member=Component D20 1N4148W-HE3-08
Added Member To Class: ClassName=Key_Matrix Member=Component D21 1N4148W-HE3-08
Added Member To Class: ClassName=Key_Matrix Member=Component D22 1N4148W-HE3-08
Added Member To Class: ClassName=Key_Matrix Member=Component D23 1N4148W-HE3-08
Added Member To Class: ClassName=Key_Matrix Member=Component D24 1N4148W-HE3-08
Added Member To Class: ClassName=Key_Matrix Member=Component D25 1N4148W-HE3-08
Added Member To Class: ClassName=Key_Matrix Member=Component D26 1N4148W-HE3-08
Added Member To Class: ClassName=Key_Matrix Member=Component D27 1N4148W-HE3-08
Added Member To Class: ClassName=Key_Matrix Member=Component D28 1N4148W-HE3-08
Added Member To Class: ClassName=Key_Matrix Member=Component D29 1N4148W-HE3-08
Added Member To Class: ClassName=Key_Matrix Member=Component D30 1N4148W-HE3-08
Added Member To Class: ClassName=Key_Matrix Member=Component D31 1N4148W-HE3-08
Added Member To Class: ClassName=Key_Matrix Member=Component D32 1N4148W-HE3-08
Added Member To Class: ClassName=Key_Matrix Member=Component D33 1N4148W-HE3-08
Added Member To Class: ClassName=Key_Matrix Member=Component D34 1N4148W-HE3-08
Added Member To Class: ClassName=Key_Matrix Member=Component D35 1N4148W-HE3-08
Added Member To Class: ClassName=Key_Matrix Member=Component D36 1N4148W-HE3-08
Added Member To Class: ClassName=Key_Matrix Member=Component D37 1N4148W-HE3-08
Added Member To Class: ClassName=Key_Matrix Member=Component D38 1N4148W-HE3-08
Added Member To Class: ClassName=Key_Matrix Member=Component D39 1N4148W-HE3-08
Added Member To Class: ClassName=Key_Matrix Member=Component D40 1N4148W-HE3-08
Added Member To Class: ClassName=Key_Matrix Member=Component D41 1N4148W-HE3-08
Added Member To Class: ClassName=Key_Matrix Member=Component D42 1N4148W-HE3-08
Added Member To Class: ClassName=Key_Matrix Member=Component D43 1N4148W-HE3-08
Added Member To Class: ClassName=Key_Matrix Member=Component D44 1N4148W-HE3-08
Added Member To Class: ClassName=Key_Matrix Member=Component D45 1N4148W-HE3-08
Added Member To Class: ClassName=Key_Matrix Member=Component D46 1N4148W-HE3-08
Added Member To Class: ClassName=Key_Matrix Member=Component D47 1N4148W-HE3-08
Added Member To Class: ClassName=Key_Matrix Member=Component D48 1N4148W-HE3-08
Added Member To Class: ClassName=Key_Matrix Member=Component D49 1N4148W-HE3-08
Added Member To Class: ClassName=Key_Matrix Member=Component D50 1N4148W-HE3-08
Added Member To Class: ClassName=Key_Matrix Member=Component D51 1N4148W-HE3-08
Added Member To Class: ClassName=Key_Matrix Member=Component D52 1N4148W-HE3-08
Added Member To Class: ClassName=Key_Matrix Member=Component D53 1N4148W-HE3-08
Added Member To Class: ClassName=Key_Matrix Member=Component D54 1N4148W-HE3-08
Added Member To Class: ClassName=Key_Matrix Member=Component D55 1N4148W-HE3-08
Added Member To Class: ClassName=Key_Matrix Member=Component D56 1N4148W-HE3-08
Added Member To Class: ClassName=Key_Matrix Member=Component D57 1N4148W-HE3-08
Added Member To Class: ClassName=Key_Matrix Member=Component D58 1N4148W-HE3-08
Added Member To Class: ClassName=Key_Matrix Member=Component D59 1N4148W-HE3-08
Added Member To Class: ClassName=Key_Matrix Member=Component D60 1N4148W-HE3-08
Added Member To Class: ClassName=Key_Matrix Member=Component D61 1N4148W-HE3-08
Added Member To Class: ClassName=Key_Matrix Member=Component D62 1N4148W-HE3-08
Added Member To Class: ClassName=Key_Matrix Member=Component D63 1N4148W-HE3-08
Added Member To Class: ClassName=Key_Matrix Member=Component D64 1N4148W-HE3-08
Added Member To Class: ClassName=Key_Matrix Member=Component D65 1N4148W-HE3-08
Added Member To Class: ClassName=Key_Matrix Member=Component D66 1N4148W-HE3-08
Added Member To Class: ClassName=Key_Matrix Member=Component D67 1N4148W-HE3-08
Added Member To Class: ClassName=Key_Matrix Member=Component D68 1N4148W-HE3-08
Added Member To Class: ClassName=Key_Matrix Member=Component D69 1N4148W-HE3-08
Added Member To Class: ClassName=Key_Matrix Member=Component D70 1N4148W-HE3-08
Added Member To Class: ClassName=Key_Matrix Member=Component D71 1N4148W-HE3-08
Added Member To Class: ClassName=Key_Matrix Member=Component D72 1N4148W-HE3-08
Added Member To Class: ClassName=Key_Matrix Member=Component D73 1N4148W-HE3-08
Added Member To Class: ClassName=Key_Matrix Member=Component D74 1N4148W-HE3-08
Added Member To Class: ClassName=Key_Matrix Member=Component D75 1N4148W-HE3-08
Added Member To Class: ClassName=Key_Matrix Member=Component D76 1N4148W-HE3-08
Added Member To Class: ClassName=Key_Matrix Member=Component D77 1N4148W-HE3-08
Added Member To Class: ClassName=Key_Matrix Member=Component D78 1N4148W-HE3-08
Added Member To Class: ClassName=Key_Matrix Member=Component D79 1N4148W-HE3-08
Added Member To Class: ClassName=Key_Matrix Member=Component D80 1N4148W-HE3-08
Added Member To Class: ClassName=Key_Matrix Member=Component D81 1N4148W-HE3-08
Added Member To Class: ClassName=Key_Matrix Member=Component D82 1N4148W-HE3-08
Added Member To Class: ClassName=Key_Matrix Member=Component D83 1N4148W-HE3-08
Added Member To Class: ClassName=RGB_Matrix Member=Component D90 1655
Added Member To Class: ClassName=RGB_Matrix Member=Component D91 1655
Added Member To Class: ClassName=RGB_Matrix Member=Component D92 1655
Added Member To Class: ClassName=RGB_Matrix Member=Component D93 1655
Added Member To Class: ClassName=RGB_Matrix Member=Component D94 1655
Added Member To Class: ClassName=RGB_Matrix Member=Component D95 1655
Added Member To Class: ClassName=RGB_Matrix Member=Component D96 1655
Added Member To Class: ClassName=RGB_Matrix Member=Component D97 1655
Added Member To Class: ClassName=RGB_Matrix Member=Component D98 1655
Added Member To Class: ClassName=RGB_Matrix Member=Component D99 1655
Added Member To Class: ClassName=RGB_Matrix Member=Component D100 1655
Added Member To Class: ClassName=RGB_Matrix Member=Component D101 1655
Added Member To Class: ClassName=RGB_Matrix Member=Component D102 1655
Added Member To Class: ClassName=RGB_Matrix Member=Component D103 1655
Added Member To Class: ClassName=RGB_Matrix Member=Component D104 1655
Added Member To Class: ClassName=RGB_Matrix Member=Component D105 1655
Added Member To Class: ClassName=RGB_Matrix Member=Component D106 1655
Added Member To Class: ClassName=RGB_Matrix Member=Component D107 1655
Added Member To Class: ClassName=RGB_Matrix Member=Component D108 1655
Added Member To Class: ClassName=RGB_Matrix Member=Component D109 1655
Added Member To Class: ClassName=RGB_Matrix Member=Component D110 1655
Added Member To Class: ClassName=RGB_Matrix Member=Component D111 1655
Added Member To Class: ClassName=RGB_Matrix Member=Component D112 1655
Added Member To Class: ClassName=RGB_Matrix Member=Component D113 1655
Added Member To Class: ClassName=RGB_Matrix Member=Component D114 1655
Added Member To Class: ClassName=RGB_Matrix Member=Component D115 1655
Added Member To Class: ClassName=RGB_Matrix Member=Component D116 1655
Added Member To Class: ClassName=RGB_Matrix Member=Component D117 1655
Added Member To Class: ClassName=RGB_Matrix Member=Component D118 1655
Added Member To Class: ClassName=RGB_Matrix Member=Component D119 1655
Added Member To Class: ClassName=RGB_Matrix Member=Component D120 1655
Added Member To Class: ClassName=RGB_Matrix Member=Component D121 1655
Added Member To Class: ClassName=RGB_Matrix Member=Component D122 1655
Added Member To Class: ClassName=RGB_Matrix Member=Component D123 1655
Added Member To Class: ClassName=RGB_Matrix Member=Component D124 1655
Added Member To Class: ClassName=RGB_Matrix Member=Component D125 1655
Added Member To Class: ClassName=RGB_Matrix Member=Component D126 1655
Added Member To Class: ClassName=RGB_Matrix Member=Component D127 1655
Added Member To Class: ClassName=RGB_Matrix Member=Component D128 1655
Added Member To Class: ClassName=RGB_Matrix Member=Component D129 1655
Added Member To Class: ClassName=RGB_Matrix Member=Component D130 1655
Added Member To Class: ClassName=RGB_Matrix Member=Component D131 1655
Added Member To Class: ClassName=RGB_Matrix Member=Component D132 1655
Added Member To Class: ClassName=RGB_Matrix Member=Component D133 1655
Added Member To Class: ClassName=RGB_Matrix Member=Component D134 1655
Added Member To Class: ClassName=RGB_Matrix Member=Component D135 1655
Added Member To Class: ClassName=RGB_Matrix Member=Component D136 1655
Added Member To Class: ClassName=RGB_Matrix Member=Component D137 1655
Added Member To Class: ClassName=RGB_Matrix Member=Component D138 1655
Added Member To Class: ClassName=RGB_Matrix Member=Component D139 1655
Added Member To Class: ClassName=RGB_Matrix Member=Component D140 1655
Added Member To Class: ClassName=RGB_Matrix Member=Component D141 1655
Added Member To Class: ClassName=RGB_Matrix Member=Component D142 1655
Added Member To Class: ClassName=RGB_Matrix Member=Component D143 1655
Added Member To Class: ClassName=RGB_Matrix Member=Component D144 1655
Added Member To Class: ClassName=RGB_Matrix Member=Component D145 1655
Added Member To Class: ClassName=RGB_Matrix Member=Component D146 1655
Added Member To Class: ClassName=RGB_Matrix Member=Component D147 1655
Added Member To Class: ClassName=RGB_Matrix Member=Component D148 1655
Added Member To Class: ClassName=RGB_Matrix Member=Component D149 1655
Added Member To Class: ClassName=RGB_Matrix Member=Component D150 1655
Added Member To Class: ClassName=RGB_Matrix Member=Component D151 1655
Added Member To Class: ClassName=RGB_Matrix Member=Component D152 1655
Added Member To Class: ClassName=RGB_Matrix Member=Component D153 1655
Added Member To Class: ClassName=RGB_Matrix Member=Component D154 1655
Added Member To Class: ClassName=RGB_Matrix Member=Component D155 1655
Added Member To Class: ClassName=RGB_Matrix Member=Component D156 1655
Added Member To Class: ClassName=RGB_Matrix Member=Component D157 1655
Added Member To Class: ClassName=RGB_Matrix Member=Component D158 1655
Added Member To Class: ClassName=RGB_Matrix Member=Component D159 1655
Added Member To Class: ClassName=RGB_Matrix Member=Component D160 1655
Added Member To Class: ClassName=RGB_Matrix Member=Component D161 1655
Added Member To Class: ClassName=RGB_Matrix Member=Component D162 1655
Added Member To Class: ClassName=RGB_Matrix Member=Component D163 1655
Added Member To Class: ClassName=RGB_Matrix Member=Component D164 1655
Added Member To Class: ClassName=RGB_Matrix Member=Component D165 1655
Added Member To Class: ClassName=RGB_Matrix Member=Component D166 1655
Added Member To Class: ClassName=RGB_Matrix Member=Component D167 1655
Added Member To Class: ClassName=RGB_Matrix Member=Component D168 1655
Added Member To Class: ClassName=RGB_Matrix Member=Component D169 1655
Added Member To Class: ClassName=RGB_Matrix Member=Component D170 1655
Added Member To Class: ClassName=RGB_Matrix Member=Component D171 1655
Added Member To Class: ClassName=RGB_Matrix Member=Component D172 1655
Added Member To Class: ClassName=RGB_Matrix Member=Component D173 1655
Added Member To Class: ClassName=RGB_Matrix Member=Component D174 1655
Added Member To Class: ClassName=RGB_Matrix Member=Component D175 1655
Added Member To Class: ClassName=RGB_Matrix Member=Component D176 1655
Added Member To Class: ClassName=BLE Member=Component D178 Red
Added Member To Class: ClassName=BLE Member=Component D179 Blue
Added Member To Class: ClassName=BLE Member=Component D180 Green
Added Member To Class: ClassName=Bat_USB_Switch Member=Component D181 Green
Added Member To Class: ClassName=Bat_USB_Switch Member=Component D182 DB2X20600L
Added Member To Class: ClassName=Bat_USB_Switch Member=Component D183 DB2X20600L
Added Member To Class: ClassName=Bat_USB_Switch Member=Component D184 DB2X20600L
Added Member To Class: ClassName=Bat_USB_Switch Member=Component D185 MBRA210LT3G
Added Member To Class: ClassName=Processing_Rev2 Member=Component J0 105450-0101
Added Member To Class: ClassName=Bat_USB_Switch Member=Component J1 S2B-PH-K-S(LF)(SN)
Added Member To Class: ClassName=Bat_USB_Switch Member=Component L0 LQM2HPN1R0MJ0L
Added Member To Class: ClassName=Bat_USB_Switch Member=Component L1 6.8uH
Added Member To Class: ClassName=BLE Member=Component M0 RN42 Module
Added Member To Class: ClassName=Processing_Rev2 Member=Component R0 1k
Added Member To Class: ClassName=Processing_Rev2 Member=Component R2 22
Added Member To Class: ClassName=Processing_Rev2 Member=Component R3 22
Added Member To Class: ClassName=Processing_Rev2 Member=Component R4 5.1k
Added Member To Class: ClassName=Processing_Rev2 Member=Component R5 5.1k
Added Member To Class: ClassName=BLE Member=Component R12 470k
Added Member To Class: ClassName=BLE Member=Component R13 470k
Added Member To Class: ClassName=BLE Member=Component R14 3.3k
Added Member To Class: ClassName=BLE Member=Component R15 3.3k
Added Member To Class: ClassName=BLE Member=Component R16 3.3k
Added Member To Class: ClassName=BLE Member=Component R17 3.3k
Added Member To Class: ClassName=BLE Member=Component R18 10k
Added Member To Class: ClassName=BLE Member=Component R19 470k
Added Member To Class: ClassName=Bat_USB_Switch Member=Component R21 1M
Added Member To Class: ClassName=Bat_USB_Switch Member=Component R22 1M
Added Member To Class: ClassName=Bat_USB_Switch Member=Component R23 10k
Added Member To Class: ClassName=Bat_USB_Switch Member=Component R24 100k
Added Member To Class: ClassName=Bat_USB_Switch Member=Component R25 470k
Added Member To Class: ClassName=Bat_USB_Switch Member=Component R26 2.55k
Added Member To Class: ClassName=Bat_USB_Switch Member=Component R31 1M
Added Member To Class: ClassName=Bat_USB_Switch Member=Component R32 200k
Added Member To Class: ClassName=Bat_USB_Switch Member=Component R33 499
Added Member To Class: ClassName=Bat_USB_Switch Member=Component R34 150k
Added Member To Class: ClassName=Bat_USB_Switch Member=Component R35 49.9k
Added Member To Class: ClassName=Processing_Rev2 Member=Component R36 1k
Added Member To Class: ClassName=Key_Matrix Member=Component S0 Cherry
Added Member To Class: ClassName=Key_Matrix Member=Component S1 Cherry
Added Member To Class: ClassName=Key_Matrix Member=Component S2 Cherry
Added Member To Class: ClassName=Key_Matrix Member=Component S3 Cherry
Added Member To Class: ClassName=Key_Matrix Member=Component S4 Cherry
Added Member To Class: ClassName=Key_Matrix Member=Component S5 Cherry
Added Member To Class: ClassName=Key_Matrix Member=Component S6 Cherry
Added Member To Class: ClassName=Key_Matrix Member=Component S7 Cherry
Added Member To Class: ClassName=Key_Matrix Member=Component S8 Cherry
Added Member To Class: ClassName=Key_Matrix Member=Component S9 Cherry
Added Member To Class: ClassName=Key_Matrix Member=Component S10 Cherry
Added Member To Class: ClassName=Key_Matrix Member=Component S11 Cherry
Added Member To Class: ClassName=Key_Matrix Member=Component S12 Cherry
Added Member To Class: ClassName=Key_Matrix Member=Component S13 Cherry
Added Member To Class: ClassName=Key_Matrix Member=Component S14 Cherry
Added Member To Class: ClassName=Key_Matrix Member=Component S15 Cherry
Added Member To Class: ClassName=Key_Matrix Member=Component S16 Cherry
Added Member To Class: ClassName=Key_Matrix Member=Component S17 Cherry
Added Member To Class: ClassName=Key_Matrix Member=Component S18 Cherry
Added Member To Class: ClassName=Key_Matrix Member=Component S19 Cherry
Added Member To Class: ClassName=Key_Matrix Member=Component S20 Cherry
Added Member To Class: ClassName=Key_Matrix Member=Component S21 Cherry
Added Member To Class: ClassName=Key_Matrix Member=Component S22 Cherry
Added Member To Class: ClassName=Key_Matrix Member=Component S23 Cherry
Added Member To Class: ClassName=Key_Matrix Member=Component S24 Cherry
Added Member To Class: ClassName=Key_Matrix Member=Component S25 Cherry
Added Member To Class: ClassName=Key_Matrix Member=Component S26 Cherry
Added Member To Class: ClassName=Key_Matrix Member=Component S27 Cherry
Added Member To Class: ClassName=Key_Matrix Member=Component S28 Cherry
Added Member To Class: ClassName=Key_Matrix Member=Component S29 Cherry
Added Member To Class: ClassName=Key_Matrix Member=Component S30 Cherry
Added Member To Class: ClassName=Key_Matrix Member=Component S31 Cherry
Added Member To Class: ClassName=Key_Matrix Member=Component S32 Cherry
Added Member To Class: ClassName=Key_Matrix Member=Component S33 Cherry
Added Member To Class: ClassName=Key_Matrix Member=Component S34 Cherry
Added Member To Class: ClassName=Key_Matrix Member=Component S35 Cherry
Added Member To Class: ClassName=Key_Matrix Member=Component S36 Cherry
Added Member To Class: ClassName=Key_Matrix Member=Component S37 Cherry
Added Member To Class: ClassName=Key_Matrix Member=Component S38 Cherry
Added Member To Class: ClassName=Key_Matrix Member=Component S39 Cherry
Added Member To Class: ClassName=Key_Matrix Member=Component S40 Cherry
Added Member To Class: ClassName=Key_Matrix Member=Component S41 Cherry
Added Member To Class: ClassName=Key_Matrix Member=Component S42 Cherry
Added Member To Class: ClassName=Key_Matrix Member=Component S43 Cherry
Added Member To Class: ClassName=Key_Matrix Member=Component S44 Cherry
Added Member To Class: ClassName=Key_Matrix Member=Component S45 Cherry
Added Member To Class: ClassName=Key_Matrix Member=Component S46 Cherry
Added Member To Class: ClassName=Key_Matrix Member=Component S47 Cherry
Added Member To Class: ClassName=Key_Matrix Member=Component S48 Cherry
Added Member To Class: ClassName=Key_Matrix Member=Component S49 Cherry
Added Member To Class: ClassName=Key_Matrix Member=Component S50 Cherry
Added Member To Class: ClassName=Key_Matrix Member=Component S51 Cherry
Added Member To Class: ClassName=Key_Matrix Member=Component S52 Cherry
Added Member To Class: ClassName=Key_Matrix Member=Component S53 Cherry
Added Member To Class: ClassName=Key_Matrix Member=Component S54 Cherry
Added Member To Class: ClassName=Key_Matrix Member=Component S55 Cherry
Added Member To Class: ClassName=Key_Matrix Member=Component S56 Cherry
Added Member To Class: ClassName=Key_Matrix Member=Component S57 Cherry
Added Member To Class: ClassName=Key_Matrix Member=Component S58 Cherry
Added Member To Class: ClassName=Key_Matrix Member=Component S59 Cherry
Added Member To Class: ClassName=Key_Matrix Member=Component S60 Cherry
Added Member To Class: ClassName=Key_Matrix Member=Component S61 Cherry
Added Member To Class: ClassName=Key_Matrix Member=Component S62 Cherry
Added Member To Class: ClassName=Key_Matrix Member=Component S63 Cherry
Added Member To Class: ClassName=Key_Matrix Member=Component S64 Cherry
Added Member To Class: ClassName=Key_Matrix Member=Component S65 Cherry
Added Member To Class: ClassName=Key_Matrix Member=Component S66 Cherry
Added Member To Class: ClassName=Key_Matrix Member=Component S67 Cherry
Added Member To Class: ClassName=Key_Matrix Member=Component S68 Cherry
Added Member To Class: ClassName=Key_Matrix Member=Component S69 Cherry
Added Member To Class: ClassName=Key_Matrix Member=Component S70 Cherry
Added Member To Class: ClassName=Key_Matrix Member=Component S71 Cherry
Added Member To Class: ClassName=Key_Matrix Member=Component S72 Cherry
Added Member To Class: ClassName=Key_Matrix Member=Component S73 Cherry
Added Member To Class: ClassName=Key_Matrix Member=Component S74 Cherry
Added Member To Class: ClassName=Key_Matrix Member=Component S75 Cherry
Added Member To Class: ClassName=Key_Matrix Member=Component S76 Cherry
Added Member To Class: ClassName=Key_Matrix Member=Component S77 Cherry
Added Member To Class: ClassName=Key_Matrix Member=Component S78 Cherry
Added Member To Class: ClassName=Key_Matrix Member=Component S79 Cherry
Added Member To Class: ClassName=Key_Matrix Member=Component S80 Cherry
Added Member To Class: ClassName=Key_Matrix Member=Component S81 Cherry
Added Member To Class: ClassName=Key_Matrix Member=Component S82 Cherry
Added Member To Class: ClassName=Key_Matrix Member=Component S83 Cherry
Added Member To Class: ClassName=Processing_Rev2 Member=Component S84 SS312SAH4-R
Added Member To Class: ClassName=BLE Member=Component S87 218-4LPSTJ
Added Member To Class: ClassName=Processing_Rev2 Member=Component S88 FSMSMTR
Added Member To Class: ClassName=BLE Member=Component S89 FSM4JSMATR
Added Member To Class: ClassName=Processing_Rev2 Member=Component U0 MCU-ATMEGA32U4-MUR(VQFN44)
Added Member To Class: ClassName=Bat_USB_Switch Member=Component U7 PMIC-MCP73811T-120I/OT(SOT23-5)
Added Member To Class: ClassName=Bat_USB_Switch Member=Component U8 BC857BW
Added Member To Class: ClassName=Bat_USB_Switch Member=Component U9 BC847BW
Added Member To Class: ClassName=Bat_USB_Switch Member=Component U10 SiP32431
Added Member To Class: ClassName=Bat_USB_Switch Member=Component U11 TPS62237DRYT
Added Member To Class: ClassName=RGB_Matrix Member=Component U12 SN74LV1T34DBVR
Added Member To Class: ClassName=Bat_USB_Switch Member=Component U13 LM2621MM
Added Member To Class: ClassName=Processing_Rev2 Member=Component Y0 16MHz
