Change Component Footprint: Designator=S87 Old Footprint=CTS 218-4LPJ New Footprint=Omron_A6H-4101_0
Change Component Comment : Designator=S87 Old Comment=218-4LPST New Comment=Switch_Omron_A6H-4101_eec
Change component parameters: Designator = "S87" ("S87"); Footprint = "CTS 218-4LPJ"; UniqueID = "\IFUBPPSM" ("\IFUBPPSM")
Change component parameters (AddParameter): Name = "ComponentLink1Description"; Value = "Upverter"; VariantName = "[No Variations]"
Change component parameters (AddParameter): Name = "ComponentLink1URL"; Value = "https://upverter.com/upn/revision/68e2bcf7944de008/"; VariantName = "[No Variations]"
Change component parameters (AddParameter): Name = "ComponentLink2Description"; Value = "Datasheet"; VariantName = "[No Variations]"
Change component parameters (AddParameter): Name = "ComponentLink2URL"; Value = "http://www.omron.com/ecb/products/pdf/en-a6h.pdf"; VariantName = "[No Variations]"
Change component parameters (AddParameter): Name = "Digikey Description"; Value = "SWITCH SLIDE DIP SPST 25MA 24V"; VariantName = "[No Variations]"
Change component parameters (AddParameter): Name = "Digikey Part Number"; Value = "SW1080-ND"; VariantName = "[No Variations]"
Change component parameters (AddParameter): Name = "helpURL"; Value = "https://upverter.com/upn/revision/68e2bcf7944de008/"; VariantName = "[No Variations]"
Change component parameters (AddParameter): Name = "Lead Free"; Value = "yes"; VariantName = "[No Variations]"
Change component parameters (AddParameter): Name = "Manufacturer"; Value = "Omron"; VariantName = "[No Variations]"
Change component parameters (AddParameter): Name = "Mouser Part Number"; Value = "653-A6H-4101"; VariantName = "[No Variations]"
Change component parameters (AddParameter): Name = "Package"; Value = "SW_SMT_6MM31X4MM5"; VariantName = "[No Variations]"
Change component parameters (AddParameter): Name = "Part Number"; Value = "A6H-4101"; VariantName = "[No Variations]"
Change component parameters (AddParameter): Name = "Price"; Value = "1.9029468224"; VariantName = "[No Variations]"
Change component parameters (AddParameter): Name = "RoHS"; Value = "TRUE"; VariantName = "[No Variations]"
Change component parameters (AddParameter): Name = "Supplier 1"; Value = "Digi-Key"; VariantName = "[No Variations]"
Change component parameters (AddParameter): Name = "Supplier 2"; Value = "Mouser"; VariantName = "[No Variations]"
Change component parameters (AddParameter): Name = "Supplier Part Number 1"; Value = "SW1080-ND"; VariantName = "[No Variations]"
Change component parameters (AddParameter): Name = "Supplier Part Number 2"; Value = "653-A6H-4101"; VariantName = "[No Variations]"
Change component parameters (AddParameter): Name = "Temperature"; Value = "-20°C to + 70°C"; VariantName = "[No Variations]"
Change component parameters (AddParameter): Name = "Temperature Range High"; Value = "+ 70°C"; VariantName = "[No Variations]"
Change component parameters (AddParameter): Name = "Temperature Range Low"; Value = "-20°C"; VariantName = "[No Variations]"
Change component parameters (AddParameter): Name = "Voltage"; Value = "24V"; VariantName = "[No Variations]"
