Removed Pin From Net: NetName=GND Pin=C28-1
Removed Pin From Net: NetName=GND Pin=C29-1
Removed Pin From Net: NetName=GND Pin=C44-1
Removed Pin From Net: NetName=GND Pin=C45-1
Removed Pin From Net: NetName=GND Pin=C61-1
Removed Pin From Net: NetName=GND Pin=C62-1
Removed Pin From Net: NetName=GND Pin=C78-1
Removed Pin From Net: NetName=GND Pin=C79-1
Removed Pin From Net: NetName=GND Pin=C91-1
Removed Pin From Net: NetName=GND Pin=C92-1
Removed Pin From Net: NetName=GND Pin=D117-3
Removed Pin From Net: NetName=GND Pin=D118-3
Removed Pin From Net: NetName=GND Pin=D134-3
Removed Pin From Net: NetName=GND Pin=D135-3
Removed Pin From Net: NetName=GND Pin=D151-3
Removed Pin From Net: NetName=GND Pin=D152-3
Removed Pin From Net: NetName=GND Pin=D164-3
Removed Pin From Net: NetName=GND Pin=D165-3
Change Component Footprint: Designator=S75 Old Footprint=CHERRY-MX-LED-1U New Footprint=CHERRY-MX-LED-2.75U
Change Component Footprint: Designator=S74 Old Footprint=CHERRY-MX-LED-2.75U New Footprint=CHERRY-MX-LED-1U
Change Component Comment : Designator=FB1 Old Comment=600 New Comment=600 Ohm @ 100MHz
Change Component Comment : Designator=FB2 Old Comment=600 Ohm New Comment=600 Ohm @ 100MHz
Change component parameters: Designator = "U0"; Footprint = "BGA144C100P12X12_1300X1300X170_MK66FX1M0VMD18(Primary)"; UniqueID = "\YYGLBBAI"
Change component parameters. Clean all parameters for all variants
Change component parameters (AddParameter): Name = "Availability"; Value = "Good"; VariantName = "[No Variations]"
Change component parameters (AddParameter): Name = "DeviceName"; Value = ""; VariantName = "[No Variations]"
Change component parameters (AddParameter): Name = "DeviceSetName"; Value = "MK66FX1M0VMD18"; VariantName = "[No Variations]"
Change component parameters (AddParameter): Name = "GateName_1"; Value = "G$1"; VariantName = "[No Variations]"
Change component parameters (AddParameter): Name = "LibraryName"; Value = "MK66FX1M0VMD18"; VariantName = "[No Variations]"
Change component parameters (AddParameter): Name = "MF"; Value = "NXP Semiconductors"; VariantName = "[No Variations]"
Change component parameters (AddParameter): Name = "MP"; Value = "MK66FX1M0VMD18"; VariantName = "[No Variations]"
Change component parameters (AddParameter): Name = "Package"; Value = "MAPBGA-144 NXP Semiconductors"; VariantName = "[No Variations]"
Change component parameters (AddParameter): Name = "Price"; Value = "12.45 USD"; VariantName = "[No Variations]"
Change component parameters (AddParameter): Name = "SymbolName_1"; Value = "MK66FX1M0VMD18"; VariantName = "[No Variations]"
Change component parameters: Designator = "U1"; Footprint = "QFN50P300X300X65-17N"; UniqueID = "\HPBDPQND"
Change component parameters. Clean all parameters for all variants
Change component parameters (AddParameter): Name = "Availability"; Value = "Good"; VariantName = "[No Variations]"
Change component parameters (AddParameter): Name = "DeviceName"; Value = ""; VariantName = "[No Variations]"
Change component parameters (AddParameter): Name = "DeviceSetName"; Value = "MKL02Z32VFG4"; VariantName = "[No Variations]"
Change component parameters (AddParameter): Name = "GateName_1"; Value = "G$1"; VariantName = "[No Variations]"
Change component parameters (AddParameter): Name = "LibraryName"; Value = "MKL02Z32VFG4"; VariantName = "[No Variations]"
Change component parameters (AddParameter): Name = "MF"; Value = "NXP Semiconductors"; VariantName = "[No Variations]"
Change component parameters (AddParameter): Name = "MP"; Value = "MKL02Z32VFG4"; VariantName = "[No Variations]"
Change component parameters (AddParameter): Name = "Package"; Value = "QFN-16 NXP Semiconductors"; VariantName = "[No Variations]"
Change component parameters (AddParameter): Name = "Price"; Value = "1.84 USD"; VariantName = "[No Variations]"
Change component parameters (AddParameter): Name = "SymbolName_1"; Value = "MKL02Z32VFG4"; VariantName = "[No Variations]"
Added Pin To Net: NetName=NetC17_2 Pin=D90-1
Added Pin To Net: NetName=NetD90_2 Pin=D90-2
Added Pin To Net: NetName=GND Pin=D90-3
Added Pin To Net: NetName=NetD90_4 Pin=D90-4
Added Pin To Net: NetName=+5 Pin=D91-1
Added Pin To Net: NetName=NetD91_2 Pin=D91-2
Added Pin To Net: NetName=GND Pin=D91-3
Added Pin To Net: NetName=NetD90_2 Pin=D91-4
Added Pin To Net: NetName=+5 Pin=D92-1
Added Pin To Net: NetName=NetD92_2 Pin=D92-2
Added Pin To Net: NetName=GND Pin=D92-3
Added Pin To Net: NetName=NetD91_2 Pin=D92-4
Added Pin To Net: NetName=+5 Pin=D93-1
Added Pin To Net: NetName=NetD93_2 Pin=D93-2
Added Pin To Net: NetName=GND Pin=D93-3
Added Pin To Net: NetName=NetD92_2 Pin=D93-4
Added Pin To Net: NetName=+5 Pin=D94-1
Added Pin To Net: NetName=NetD94_2 Pin=D94-2
Added Pin To Net: NetName=GND Pin=D94-3
Added Pin To Net: NetName=NetD93_2 Pin=D94-4
Added Pin To Net: NetName=+5 Pin=D95-1
Added Pin To Net: NetName=NetD95_2 Pin=D95-2
Added Pin To Net: NetName=GND Pin=D95-3
Added Pin To Net: NetName=NetD94_2 Pin=D95-4
Added Pin To Net: NetName=+5 Pin=D96-1
Added Pin To Net: NetName=NetD96_2 Pin=D96-2
Added Pin To Net: NetName=GND Pin=D96-3
Added Pin To Net: NetName=NetD95_2 Pin=D96-4
Added Pin To Net: NetName=+5 Pin=D97-1
Added Pin To Net: NetName=NetD97_2 Pin=D97-2
Added Pin To Net: NetName=GND Pin=D97-3
Added Pin To Net: NetName=NetD96_2 Pin=D97-4
Added Pin To Net: NetName=+5 Pin=D98-1
Added Pin To Net: NetName=NetD98_2 Pin=D98-2
Added Pin To Net: NetName=GND Pin=D98-3
Added Pin To Net: NetName=NetD97_2 Pin=D98-4
Added Pin To Net: NetName=+5 Pin=D99-1
Added Pin To Net: NetName=NetD99_2 Pin=D99-2
Added Pin To Net: NetName=GND Pin=D99-3
Added Pin To Net: NetName=NetD98_2 Pin=D99-4
Added Pin To Net: NetName=+5 Pin=D100-1
Added Pin To Net: NetName=NetD100_2 Pin=D100-2
Added Pin To Net: NetName=GND Pin=D100-3
Added Pin To Net: NetName=NetD99_2 Pin=D100-4
Added Pin To Net: NetName=+5 Pin=D101-1
Added Pin To Net: NetName=NetD101_2 Pin=D101-2
Added Pin To Net: NetName=NetD100_2 Pin=D101-4
Added Pin To Net: NetName=+5 Pin=D102-1
Added Pin To Net: NetName=NetD102_2 Pin=D102-2
Added Pin To Net: NetName=NetD101_2 Pin=D102-4
Added Pin To Net: NetName=+5 Pin=D103-1
Added Pin To Net: NetName=NetD103_2 Pin=D103-2
Added Pin To Net: NetName=GND Pin=D103-3
Added Pin To Net: NetName=NetD102_2 Pin=D103-4
Added Pin To Net: NetName=+5 Pin=D104-1
Added Pin To Net: NetName=NetD104_2 Pin=D104-2
Added Pin To Net: NetName=GND Pin=D104-3
Added Pin To Net: NetName=NetD103_2 Pin=D104-4
Added Pin To Net: NetName=+5 Pin=D105-1
Added Pin To Net: NetName=NetD105_2 Pin=D105-2
Added Pin To Net: NetName=GND Pin=D105-3
Added Pin To Net: NetName=NetD104_2 Pin=D105-4
Added Pin To Net: NetName=NetC28_1 Pin=C28-1
Added Pin To Net: NetName=NetC28_1 Pin=C44-1
Added Pin To Net: NetName=NetC28_1 Pin=C61-1
Added Pin To Net: NetName=NetC28_1 Pin=C78-1
Added Pin To Net: NetName=NetC28_1 Pin=C91-1
Added Pin To Net: NetName=NetC28_1 Pin=D101-3
Added Pin To Net: NetName=NetC28_1 Pin=D117-3
Added Pin To Net: NetName=NetC28_1 Pin=D134-3
Added Pin To Net: NetName=NetC28_1 Pin=D151-3
Added Pin To Net: NetName=NetC28_1 Pin=D164-3
Added Net: Name=NetC28_1
Added Pin To Net: NetName=NetC29_1 Pin=C29-1
Added Pin To Net: NetName=NetC29_1 Pin=C45-1
Added Pin To Net: NetName=NetC29_1 Pin=C62-1
Added Pin To Net: NetName=NetC29_1 Pin=C79-1
Added Pin To Net: NetName=NetC29_1 Pin=C92-1
Added Pin To Net: NetName=NetC29_1 Pin=D102-3
Added Pin To Net: NetName=NetC29_1 Pin=D118-3
Added Pin To Net: NetName=NetC29_1 Pin=D135-3
Added Pin To Net: NetName=NetC29_1 Pin=D152-3
Added Pin To Net: NetName=NetC29_1 Pin=D165-3
Added Net: Name=NetC29_1
