Added Component: Designator=D90(FCI_1655)
Add component. Clean all parameters for all variants
Add component (AddParameter): Name = "Availability"; Value = "Good"; VariantName = "[No Variations]"
Add component (AddParameter): Name = "MF"; Value = "Adafruit"; VariantName = "[No Variations]"
Add component (AddParameter): Name = "MP"; Value = "1655"; VariantName = "[No Variations]"
Add component (AddParameter): Name = "Package"; Value = "Adafruit"; VariantName = "[No Variations]"
Add component (AddParameter): Name = "Price"; Value = "4.48 USD"; VariantName = "[No Variations]"
Add component (AddParameter): Name = "SnapEDA_Link"; Value = "https://www.snapeda.com/parts/1655/Adafruit%20Industries%20LLC/view-part/?ref=snap"; VariantName = "[No Variations]"
Add component (AddParameter): Name = "Supplier 1"; Value = "Digi-Key"; VariantName = "[No Variations]"
Add component (AddParameter): Name = "Supplier Part Number 1"; Value = "1528-1104-ND"; VariantName = "[No Variations]"
Add component (AddParameter): Name = "Value"; Value = ""; VariantName = "[No Variations]"
Added Component: Designator=D91(FCI_1655)
Add component. Clean all parameters for all variants
Add component (AddParameter): Name = "Availability"; Value = "Good"; VariantName = "[No Variations]"
Add component (AddParameter): Name = "MF"; Value = "Adafruit"; VariantName = "[No Variations]"
Add component (AddParameter): Name = "MP"; Value = "1655"; VariantName = "[No Variations]"
Add component (AddParameter): Name = "Package"; Value = "Adafruit"; VariantName = "[No Variations]"
Add component (AddParameter): Name = "Price"; Value = "4.48 USD"; VariantName = "[No Variations]"
Add component (AddParameter): Name = "SnapEDA_Link"; Value = "https://www.snapeda.com/parts/1655/Adafruit%20Industries%20LLC/view-part/?ref=snap"; VariantName = "[No Variations]"
Add component (AddParameter): Name = "Supplier 1"; Value = "Digi-Key"; VariantName = "[No Variations]"
Add component (AddParameter): Name = "Supplier Part Number 1"; Value = "1528-1104-ND"; VariantName = "[No Variations]"
Add component (AddParameter): Name = "Value"; Value = ""; VariantName = "[No Variations]"
Added Component: Designator=D92(FCI_1655)
Add component. Clean all parameters for all variants
Add component (AddParameter): Name = "Availability"; Value = "Good"; VariantName = "[No Variations]"
Add component (AddParameter): Name = "MF"; Value = "Adafruit"; VariantName = "[No Variations]"
Add component (AddParameter): Name = "MP"; Value = "1655"; VariantName = "[No Variations]"
Add component (AddParameter): Name = "Package"; Value = "Adafruit"; VariantName = "[No Variations]"
Add component (AddParameter): Name = "Price"; Value = "4.48 USD"; VariantName = "[No Variations]"
Add component (AddParameter): Name = "SnapEDA_Link"; Value = "https://www.snapeda.com/parts/1655/Adafruit%20Industries%20LLC/view-part/?ref=snap"; VariantName = "[No Variations]"
Add component (AddParameter): Name = "Supplier 1"; Value = "Digi-Key"; VariantName = "[No Variations]"
Add component (AddParameter): Name = "Supplier Part Number 1"; Value = "1528-1104-ND"; VariantName = "[No Variations]"
Add component (AddParameter): Name = "Value"; Value = ""; VariantName = "[No Variations]"
Added Component: Designator=D93(FCI_1655)
Add component. Clean all parameters for all variants
Add component (AddParameter): Name = "Availability"; Value = "Good"; VariantName = "[No Variations]"
Add component (AddParameter): Name = "MF"; Value = "Adafruit"; VariantName = "[No Variations]"
Add component (AddParameter): Name = "MP"; Value = "1655"; VariantName = "[No Variations]"
Add component (AddParameter): Name = "Package"; Value = "Adafruit"; VariantName = "[No Variations]"
Add component (AddParameter): Name = "Price"; Value = "4.48 USD"; VariantName = "[No Variations]"
Add component (AddParameter): Name = "SnapEDA_Link"; Value = "https://www.snapeda.com/parts/1655/Adafruit%20Industries%20LLC/view-part/?ref=snap"; VariantName = "[No Variations]"
Add component (AddParameter): Name = "Supplier 1"; Value = "Digi-Key"; VariantName = "[No Variations]"
Add component (AddParameter): Name = "Supplier Part Number 1"; Value = "1528-1104-ND"; VariantName = "[No Variations]"
Add component (AddParameter): Name = "Value"; Value = ""; VariantName = "[No Variations]"
Added Component: Designator=D94(FCI_1655)
Add component. Clean all parameters for all variants
Add component (AddParameter): Name = "Availability"; Value = "Good"; VariantName = "[No Variations]"
Add component (AddParameter): Name = "MF"; Value = "Adafruit"; VariantName = "[No Variations]"
Add component (AddParameter): Name = "MP"; Value = "1655"; VariantName = "[No Variations]"
Add component (AddParameter): Name = "Package"; Value = "Adafruit"; VariantName = "[No Variations]"
Add component (AddParameter): Name = "Price"; Value = "4.48 USD"; VariantName = "[No Variations]"
Add component (AddParameter): Name = "SnapEDA_Link"; Value = "https://www.snapeda.com/parts/1655/Adafruit%20Industries%20LLC/view-part/?ref=snap"; VariantName = "[No Variations]"
Add component (AddParameter): Name = "Supplier 1"; Value = "Digi-Key"; VariantName = "[No Variations]"
Add component (AddParameter): Name = "Supplier Part Number 1"; Value = "1528-1104-ND"; VariantName = "[No Variations]"
Add component (AddParameter): Name = "Value"; Value = ""; VariantName = "[No Variations]"
Added Component: Designator=D95(FCI_1655)
Add component. Clean all parameters for all variants
Add component (AddParameter): Name = "Availability"; Value = "Good"; VariantName = "[No Variations]"
Add component (AddParameter): Name = "MF"; Value = "Adafruit"; VariantName = "[No Variations]"
Add component (AddParameter): Name = "MP"; Value = "1655"; VariantName = "[No Variations]"
Add component (AddParameter): Name = "Package"; Value = "Adafruit"; VariantName = "[No Variations]"
Add component (AddParameter): Name = "Price"; Value = "4.48 USD"; VariantName = "[No Variations]"
Add component (AddParameter): Name = "SnapEDA_Link"; Value = "https://www.snapeda.com/parts/1655/Adafruit%20Industries%20LLC/view-part/?ref=snap"; VariantName = "[No Variations]"
Add component (AddParameter): Name = "Supplier 1"; Value = "Digi-Key"; VariantName = "[No Variations]"
Add component (AddParameter): Name = "Supplier Part Number 1"; Value = "1528-1104-ND"; VariantName = "[No Variations]"
Add component (AddParameter): Name = "Value"; Value = ""; VariantName = "[No Variations]"
Added Component: Designator=D96(FCI_1655)
Add component. Clean all parameters for all variants
Add component (AddParameter): Name = "Availability"; Value = "Good"; VariantName = "[No Variations]"
Add component (AddParameter): Name = "MF"; Value = "Adafruit"; VariantName = "[No Variations]"
Add component (AddParameter): Name = "MP"; Value = "1655"; VariantName = "[No Variations]"
Add component (AddParameter): Name = "Package"; Value = "Adafruit"; VariantName = "[No Variations]"
Add component (AddParameter): Name = "Price"; Value = "4.48 USD"; VariantName = "[No Variations]"
Add component (AddParameter): Name = "SnapEDA_Link"; Value = "https://www.snapeda.com/parts/1655/Adafruit%20Industries%20LLC/view-part/?ref=snap"; VariantName = "[No Variations]"
Add component (AddParameter): Name = "Supplier 1"; Value = "Digi-Key"; VariantName = "[No Variations]"
Add component (AddParameter): Name = "Supplier Part Number 1"; Value = "1528-1104-ND"; VariantName = "[No Variations]"
Add component (AddParameter): Name = "Value"; Value = ""; VariantName = "[No Variations]"
Added Component: Designator=D97(FCI_1655)
Add component. Clean all parameters for all variants
Add component (AddParameter): Name = "Availability"; Value = "Good"; VariantName = "[No Variations]"
Add component (AddParameter): Name = "MF"; Value = "Adafruit"; VariantName = "[No Variations]"
Add component (AddParameter): Name = "MP"; Value = "1655"; VariantName = "[No Variations]"
Add component (AddParameter): Name = "Package"; Value = "Adafruit"; VariantName = "[No Variations]"
Add component (AddParameter): Name = "Price"; Value = "4.48 USD"; VariantName = "[No Variations]"
Add component (AddParameter): Name = "SnapEDA_Link"; Value = "https://www.snapeda.com/parts/1655/Adafruit%20Industries%20LLC/view-part/?ref=snap"; VariantName = "[No Variations]"
Add component (AddParameter): Name = "Supplier 1"; Value = "Digi-Key"; VariantName = "[No Variations]"
Add component (AddParameter): Name = "Supplier Part Number 1"; Value = "1528-1104-ND"; VariantName = "[No Variations]"
Add component (AddParameter): Name = "Value"; Value = ""; VariantName = "[No Variations]"
Added Component: Designator=D98(FCI_1655)
Add component. Clean all parameters for all variants
Add component (AddParameter): Name = "Availability"; Value = "Good"; VariantName = "[No Variations]"
Add component (AddParameter): Name = "MF"; Value = "Adafruit"; VariantName = "[No Variations]"
Add component (AddParameter): Name = "MP"; Value = "1655"; VariantName = "[No Variations]"
Add component (AddParameter): Name = "Package"; Value = "Adafruit"; VariantName = "[No Variations]"
Add component (AddParameter): Name = "Price"; Value = "4.48 USD"; VariantName = "[No Variations]"
Add component (AddParameter): Name = "SnapEDA_Link"; Value = "https://www.snapeda.com/parts/1655/Adafruit%20Industries%20LLC/view-part/?ref=snap"; VariantName = "[No Variations]"
Add component (AddParameter): Name = "Supplier 1"; Value = "Digi-Key"; VariantName = "[No Variations]"
Add component (AddParameter): Name = "Supplier Part Number 1"; Value = "1528-1104-ND"; VariantName = "[No Variations]"
Add component (AddParameter): Name = "Value"; Value = ""; VariantName = "[No Variations]"
Added Component: Designator=D99(FCI_1655)
Add component. Clean all parameters for all variants
Add component (AddParameter): Name = "Availability"; Value = "Good"; VariantName = "[No Variations]"
Add component (AddParameter): Name = "MF"; Value = "Adafruit"; VariantName = "[No Variations]"
Add component (AddParameter): Name = "MP"; Value = "1655"; VariantName = "[No Variations]"
Add component (AddParameter): Name = "Package"; Value = "Adafruit"; VariantName = "[No Variations]"
Add component (AddParameter): Name = "Price"; Value = "4.48 USD"; VariantName = "[No Variations]"
Add component (AddParameter): Name = "SnapEDA_Link"; Value = "https://www.snapeda.com/parts/1655/Adafruit%20Industries%20LLC/view-part/?ref=snap"; VariantName = "[No Variations]"
Add component (AddParameter): Name = "Supplier 1"; Value = "Digi-Key"; VariantName = "[No Variations]"
Add component (AddParameter): Name = "Supplier Part Number 1"; Value = "1528-1104-ND"; VariantName = "[No Variations]"
Add component (AddParameter): Name = "Value"; Value = ""; VariantName = "[No Variations]"
Added Component: Designator=D101(FCI_1655)
Add component. Clean all parameters for all variants
Add component (AddParameter): Name = "Availability"; Value = "Good"; VariantName = "[No Variations]"
Add component (AddParameter): Name = "MF"; Value = "Adafruit"; VariantName = "[No Variations]"
Add component (AddParameter): Name = "MP"; Value = "1655"; VariantName = "[No Variations]"
Add component (AddParameter): Name = "Package"; Value = "Adafruit"; VariantName = "[No Variations]"
Add component (AddParameter): Name = "Price"; Value = "4.48 USD"; VariantName = "[No Variations]"
Add component (AddParameter): Name = "SnapEDA_Link"; Value = "https://www.snapeda.com/parts/1655/Adafruit%20Industries%20LLC/view-part/?ref=snap"; VariantName = "[No Variations]"
Add component (AddParameter): Name = "Supplier 1"; Value = "Digi-Key"; VariantName = "[No Variations]"
Add component (AddParameter): Name = "Supplier Part Number 1"; Value = "1528-1104-ND"; VariantName = "[No Variations]"
Add component (AddParameter): Name = "Value"; Value = ""; VariantName = "[No Variations]"
Added Component: Designator=D102(FCI_1655)
Add component. Clean all parameters for all variants
Add component (AddParameter): Name = "Availability"; Value = "Good"; VariantName = "[No Variations]"
Add component (AddParameter): Name = "MF"; Value = "Adafruit"; VariantName = "[No Variations]"
Add component (AddParameter): Name = "MP"; Value = "1655"; VariantName = "[No Variations]"
Add component (AddParameter): Name = "Package"; Value = "Adafruit"; VariantName = "[No Variations]"
Add component (AddParameter): Name = "Price"; Value = "4.48 USD"; VariantName = "[No Variations]"
Add component (AddParameter): Name = "SnapEDA_Link"; Value = "https://www.snapeda.com/parts/1655/Adafruit%20Industries%20LLC/view-part/?ref=snap"; VariantName = "[No Variations]"
Add component (AddParameter): Name = "Supplier 1"; Value = "Digi-Key"; VariantName = "[No Variations]"
Add component (AddParameter): Name = "Supplier Part Number 1"; Value = "1528-1104-ND"; VariantName = "[No Variations]"
Add component (AddParameter): Name = "Value"; Value = ""; VariantName = "[No Variations]"
Added Component: Designator=D103(FCI_1655)
Add component. Clean all parameters for all variants
Add component (AddParameter): Name = "Availability"; Value = "Good"; VariantName = "[No Variations]"
Add component (AddParameter): Name = "MF"; Value = "Adafruit"; VariantName = "[No Variations]"
Add component (AddParameter): Name = "MP"; Value = "1655"; VariantName = "[No Variations]"
Add component (AddParameter): Name = "Package"; Value = "Adafruit"; VariantName = "[No Variations]"
Add component (AddParameter): Name = "Price"; Value = "4.48 USD"; VariantName = "[No Variations]"
Add component (AddParameter): Name = "SnapEDA_Link"; Value = "https://www.snapeda.com/parts/1655/Adafruit%20Industries%20LLC/view-part/?ref=snap"; VariantName = "[No Variations]"
Add component (AddParameter): Name = "Supplier 1"; Value = "Digi-Key"; VariantName = "[No Variations]"
Add component (AddParameter): Name = "Supplier Part Number 1"; Value = "1528-1104-ND"; VariantName = "[No Variations]"
Add component (AddParameter): Name = "Value"; Value = ""; VariantName = "[No Variations]"
Added Component: Designator=D104(FCI_1655)
Add component. Clean all parameters for all variants
Add component (AddParameter): Name = "Availability"; Value = "Good"; VariantName = "[No Variations]"
Add component (AddParameter): Name = "MF"; Value = "Adafruit"; VariantName = "[No Variations]"
Add component (AddParameter): Name = "MP"; Value = "1655"; VariantName = "[No Variations]"
Add component (AddParameter): Name = "Package"; Value = "Adafruit"; VariantName = "[No Variations]"
Add component (AddParameter): Name = "Price"; Value = "4.48 USD"; VariantName = "[No Variations]"
Add component (AddParameter): Name = "SnapEDA_Link"; Value = "https://www.snapeda.com/parts/1655/Adafruit%20Industries%20LLC/view-part/?ref=snap"; VariantName = "[No Variations]"
Add component (AddParameter): Name = "Supplier 1"; Value = "Digi-Key"; VariantName = "[No Variations]"
Add component (AddParameter): Name = "Supplier Part Number 1"; Value = "1528-1104-ND"; VariantName = "[No Variations]"
Add component (AddParameter): Name = "Value"; Value = ""; VariantName = "[No Variations]"
Added Component: Designator=D105(FCI_1655)
Add component. Clean all parameters for all variants
Add component (AddParameter): Name = "Availability"; Value = "Good"; VariantName = "[No Variations]"
Add component (AddParameter): Name = "MF"; Value = "Adafruit"; VariantName = "[No Variations]"
Add component (AddParameter): Name = "MP"; Value = "1655"; VariantName = "[No Variations]"
Add component (AddParameter): Name = "Package"; Value = "Adafruit"; VariantName = "[No Variations]"
Add component (AddParameter): Name = "Price"; Value = "4.48 USD"; VariantName = "[No Variations]"
Add component (AddParameter): Name = "SnapEDA_Link"; Value = "https://www.snapeda.com/parts/1655/Adafruit%20Industries%20LLC/view-part/?ref=snap"; VariantName = "[No Variations]"
Add component (AddParameter): Name = "Supplier 1"; Value = "Digi-Key"; VariantName = "[No Variations]"
Add component (AddParameter): Name = "Supplier Part Number 1"; Value = "1528-1104-ND"; VariantName = "[No Variations]"
Add component (AddParameter): Name = "Value"; Value = ""; VariantName = "[No Variations]"
Added Pin To Net: NetName=NetC17_2 Pin=D90-1
Added Pin To Net: NetName=NetD90_2 Pin=D90-2
Added Pin To Net: NetName=GND Pin=D90-3
Added Pin To Net: NetName=NetD90_4 Pin=D90-4
Added Pin To Net: NetName=+5 Pin=D91-1
Added Pin To Net: NetName=NetD91_2 Pin=D91-2
Added Pin To Net: NetName=GND Pin=D91-3
Added Pin To Net: NetName=NetD90_2 Pin=D91-4
Added Pin To Net: NetName=+5 Pin=D92-1
Added Pin To Net: NetName=NetD92_2 Pin=D92-2
Added Pin To Net: NetName=GND Pin=D92-3
Added Pin To Net: NetName=NetD91_2 Pin=D92-4
Added Pin To Net: NetName=+5 Pin=D93-1
Added Pin To Net: NetName=NetD93_2 Pin=D93-2
Added Pin To Net: NetName=GND Pin=D93-3
Added Pin To Net: NetName=NetD92_2 Pin=D93-4
Added Pin To Net: NetName=+5 Pin=D94-1
Added Pin To Net: NetName=NetD94_2 Pin=D94-2
Added Pin To Net: NetName=GND Pin=D94-3
Added Pin To Net: NetName=NetD93_2 Pin=D94-4
Added Pin To Net: NetName=+5 Pin=D95-1
Added Pin To Net: NetName=NetD95_2 Pin=D95-2
Added Pin To Net: NetName=GND Pin=D95-3
Added Pin To Net: NetName=NetD94_2 Pin=D95-4
Added Pin To Net: NetName=+5 Pin=D96-1
Added Pin To Net: NetName=NetD96_2 Pin=D96-2
Added Pin To Net: NetName=GND Pin=D96-3
Added Pin To Net: NetName=NetD95_2 Pin=D96-4
Added Pin To Net: NetName=+5 Pin=D97-1
Added Pin To Net: NetName=NetD97_2 Pin=D97-2
Added Pin To Net: NetName=GND Pin=D97-3
Added Pin To Net: NetName=NetD96_2 Pin=D97-4
Added Pin To Net: NetName=+5 Pin=D98-1
Added Pin To Net: NetName=NetD98_2 Pin=D98-2
Added Pin To Net: NetName=GND Pin=D98-3
Added Pin To Net: NetName=NetD97_2 Pin=D98-4
Added Pin To Net: NetName=+5 Pin=D99-1
Added Pin To Net: NetName=NetD99_2 Pin=D99-2
Added Pin To Net: NetName=GND Pin=D99-3
Added Pin To Net: NetName=NetD98_2 Pin=D99-4
Added Pin To Net: NetName=+5 Pin=D101-1
Added Pin To Net: NetName=NetD101_2 Pin=D101-2
Added Pin To Net: NetName=NetC28_1 Pin=D101-3
Added Pin To Net: NetName=NetD100_2 Pin=D101-4
Added Pin To Net: NetName=+5 Pin=D102-1
Added Pin To Net: NetName=NetD102_2 Pin=D102-2
Added Pin To Net: NetName=NetC29_1 Pin=D102-3
Added Pin To Net: NetName=NetD101_2 Pin=D102-4
Added Pin To Net: NetName=+5 Pin=D103-1
Added Pin To Net: NetName=NetD103_2 Pin=D103-2
Added Pin To Net: NetName=GND Pin=D103-3
Added Pin To Net: NetName=NetD102_2 Pin=D103-4
Added Pin To Net: NetName=+5 Pin=D104-1
Added Pin To Net: NetName=NetD104_2 Pin=D104-2
Added Pin To Net: NetName=GND Pin=D104-3
Added Pin To Net: NetName=NetD103_2 Pin=D104-4
Added Pin To Net: NetName=+5 Pin=D105-1
Added Pin To Net: NetName=NetD105_2 Pin=D105-2
Added Pin To Net: NetName=GND Pin=D105-3
Added Pin To Net: NetName=NetD104_2 Pin=D105-4
Added Member To Class: ClassName=RGB_Matrix Member=Component D90 1655
Added Member To Class: ClassName=RGB_Matrix Member=Component D91 1655
Added Member To Class: ClassName=RGB_Matrix Member=Component D92 1655
Added Member To Class: ClassName=RGB_Matrix Member=Component D93 1655
Added Member To Class: ClassName=RGB_Matrix Member=Component D94 1655
Added Member To Class: ClassName=RGB_Matrix Member=Component D95 1655
Added Member To Class: ClassName=RGB_Matrix Member=Component D96 1655
Added Member To Class: ClassName=RGB_Matrix Member=Component D97 1655
Added Member To Class: ClassName=RGB_Matrix Member=Component D98 1655
Added Member To Class: ClassName=RGB_Matrix Member=Component D99 1655
Added Member To Class: ClassName=RGB_Matrix Member=Component D101 1655
Added Member To Class: ClassName=RGB_Matrix Member=Component D102 1655
Added Member To Class: ClassName=RGB_Matrix Member=Component D103 1655
Added Member To Class: ClassName=RGB_Matrix Member=Component D104 1655
Added Member To Class: ClassName=RGB_Matrix Member=Component D105 1655
