PCAD Importer Log
Project : 1N4148.LibPkg

Section : C:\Users\evans\Downloads\1N4148\1N4148.lia
    Section : PCB Library - 1N4148.PcbLib
        Section : Load Messages
            Warning - 1 : Skipping Token 1N4148 On Line 155
            Warning - 1 : Skipping Token attachedSymbol On Line 206
        EndSection

        Section : Import Messages
            Warning - 0 : PCAD Pattern Graphics [*DIOAD829W49L456D191][Primary] associated with PCAD Component [1N4148] has been renamed to PCB FootPrint [*DIOAD829W49L456D191_1N4148(Primary)].
        EndSection
    EndSection

    Section : SCH Library - 1N4148.SchLib
        Section : Parsing Messages
            Warning - 1 : Skipping Token padStyleDef On Line 9
            Warning - 1 : Skipping Token padStyleDef On Line 21
            Warning - 1 : Skipping Token multiLayer On Line 96
            Warning - 1 : Skipping Token layerContents On Line 100
            Warning - 1 : Skipping Token layerContents On Line 114
            Warning - 1 : Skipping Token layerContents On Line 127
            Warning - 1 : Skipping Token layerContents On Line 140
        EndSection

        Section : Generating SCH Library - 1N4148.SchLib
            Warning - 0 : PCAD Pattern Graphics [*DIOAD829W49L456D191][Primary] associated with PCAD Component [1N4148] has been renamed to PCB FootPrint [*DIOAD829W49L456D191_1N4148(Primary)].
        EndSection
    EndSection
EndSection
